{"/work/modulbank.kassa/Modulbank.Kassa/source/js/common/formElements/AmountRender.js": {"path":"/work/modulbank.kassa/Modulbank.Kassa/source/js/common/formElements/AmountRender.js","statementMap":{"0":{"start":{"line":8,"column":2},"end":{"line":8,"column":15}},"1":{"start":{"line":9,"column":2},"end":{"line":9,"column":41}},"2":{"start":{"line":13,"column":61},"end":{"line":13,"column":71}},"3":{"start":{"line":14,"column":32},"end":{"line":14,"column":41}},"4":{"start":{"line":15,"column":21},"end":{"line":15,"column":68}},"5":{"start":{"line":16,"column":2},"end":{"line":23,"column":4}},"6":{"start":{"line":17,"column":30},"end":{"line":17,"column":56}}},"fnMap":{"0":{"name":"(anonymous_0)","decl":{"start":{"line":7,"column":1},"end":{"line":7,"column":2}},"loc":{"start":{"line":7,"column":20},"end":{"line":10,"column":2}},"line":7},"1":{"name":"(anonymous_1)","decl":{"start":{"line":12,"column":1},"end":{"line":12,"column":2}},"loc":{"start":{"line":12,"column":10},"end":{"line":24,"column":2}},"line":12},"2":{"name":"(anonymous_2)","decl":{"start":{"line":17,"column":21},"end":{"line":17,"column":22}},"loc":{"start":{"line":17,"column":30},"end":{"line":17,"column":56}},"line":17}},"branchMap":{"0":{"loc":{"start":{"line":15,"column":22},"end":{"line":15,"column":37}},"type":"binary-expr","locations":[{"start":{"line":15,"column":22},"end":{"line":15,"column":31}},{"start":{"line":15,"column":35},"end":{"line":15,"column":37}}],"line":15},"1":{"loc":{"start":{"line":15,"column":39},"end":{"line":15,"column":57}},"type":"binary-expr","locations":[{"start":{"line":15,"column":39},"end":{"line":15,"column":51}},{"start":{"line":15,"column":55},"end":{"line":15,"column":57}}],"line":15}},"s":{"0":0,"1":0,"2":0,"3":0,"4":0,"5":0,"6":0},"f":{"0":0,"1":0,"2":0},"b":{"0":[0,0],"1":[0,0]},"_coverageSchema":"332fd63041d2c1bcb487cc26dd0d5f7d97098a6c","hash":"f80e8e97767e29a921d23a732e2457fb1e2ad904"}
,"/work/modulbank.kassa/Modulbank.Kassa/source/js/common/formElements/ColorPickerRender.js": {"path":"/work/modulbank.kassa/Modulbank.Kassa/source/js/common/formElements/ColorPickerRender.js","statementMap":{"0":{"start":{"line":5,"column":26},"end":{"line":17,"column":1}},"1":{"start":{"line":6,"column":40},"end":{"line":6,"column":45}},"2":{"start":{"line":7,"column":25},"end":{"line":7,"column":63}},"3":{"start":{"line":7,"column":34},"end":{"line":7,"column":63}},"4":{"start":{"line":8,"column":27},"end":{"line":8,"column":87}},"5":{"start":{"line":8,"column":36},"end":{"line":8,"column":87}},"6":{"start":{"line":10,"column":1},"end":{"line":15,"column":12}},"7":{"start":{"line":11,"column":29},"end":{"line":14,"column":56}},"8":{"start":{"line":14,"column":26},"end":{"line":14,"column":50}},"9":{"start":{"line":19,"column":0},"end":{"line":21,"column":2}}},"fnMap":{"0":{"name":"(anonymous_0)","decl":{"start":{"line":5,"column":26},"end":{"line":5,"column":27}},"loc":{"start":{"line":5,"column":37},"end":{"line":17,"column":1}},"line":5},"1":{"name":"(anonymous_1)","decl":{"start":{"line":7,"column":25},"end":{"line":7,"column":26}},"loc":{"start":{"line":7,"column":34},"end":{"line":7,"column":63}},"line":7},"2":{"name":"(anonymous_2)","decl":{"start":{"line":8,"column":27},"end":{"line":8,"column":28}},"loc":{"start":{"line":8,"column":36},"end":{"line":8,"column":87}},"line":8},"3":{"name":"(anonymous_3)","decl":{"start":{"line":11,"column":14},"end":{"line":11,"column":15}},"loc":{"start":{"line":11,"column":29},"end":{"line":14,"column":56}},"line":11},"4":{"name":"(anonymous_4)","decl":{"start":{"line":14,"column":20},"end":{"line":14,"column":21}},"loc":{"start":{"line":14,"column":26},"end":{"line":14,"column":50}},"line":14}},"branchMap":{"0":{"loc":{"start":{"line":7,"column":34},"end":{"line":7,"column":63}},"type":"binary-expr","locations":[{"start":{"line":7,"column":34},"end":{"line":7,"column":39}},{"start":{"line":7,"column":43},"end":{"line":7,"column":63}}],"line":7},"1":{"loc":{"start":{"line":12,"column":22},"end":{"line":12,"column":64}},"type":"cond-expr","locations":[{"start":{"line":12,"column":47},"end":{"line":12,"column":59}},{"start":{"line":12,"column":62},"end":{"line":12,"column":64}}],"line":12}},"s":{"0":1,"1":0,"2":0,"3":0,"4":0,"5":0,"6":0,"7":0,"8":0,"9":1},"f":{"0":0,"1":0,"2":0,"3":0,"4":0},"b":{"0":[0,0],"1":[0,0]},"_coverageSchema":"332fd63041d2c1bcb487cc26dd0d5f7d97098a6c","hash":"b20e91da79078bbbd8ba14c1b05d54f32c004213"}
,"/work/modulbank.kassa/Modulbank.Kassa/source/js/common/formElements/DatePickerRender.js": {"path":"/work/modulbank.kassa/Modulbank.Kassa/source/js/common/formElements/DatePickerRender.js","statementMap":{"0":{"start":{"line":8,"column":2},"end":{"line":8,"column":15}},"1":{"start":{"line":9,"column":2},"end":{"line":9,"column":41}},"2":{"start":{"line":13,"column":55},"end":{"line":13,"column":65}},"3":{"start":{"line":14,"column":32},"end":{"line":14,"column":41}},"4":{"start":{"line":15,"column":21},"end":{"line":15,"column":68}},"5":{"start":{"line":17,"column":2},"end":{"line":24,"column":4}},"6":{"start":{"line":18,"column":29},"end":{"line":18,"column":55}}},"fnMap":{"0":{"name":"(anonymous_0)","decl":{"start":{"line":7,"column":1},"end":{"line":7,"column":2}},"loc":{"start":{"line":7,"column":20},"end":{"line":10,"column":2}},"line":7},"1":{"name":"(anonymous_1)","decl":{"start":{"line":12,"column":1},"end":{"line":12,"column":2}},"loc":{"start":{"line":12,"column":10},"end":{"line":25,"column":2}},"line":12},"2":{"name":"(anonymous_2)","decl":{"start":{"line":18,"column":20},"end":{"line":18,"column":21}},"loc":{"start":{"line":18,"column":29},"end":{"line":18,"column":55}},"line":18}},"branchMap":{"0":{"loc":{"start":{"line":15,"column":22},"end":{"line":15,"column":37}},"type":"binary-expr","locations":[{"start":{"line":15,"column":22},"end":{"line":15,"column":31}},{"start":{"line":15,"column":35},"end":{"line":15,"column":37}}],"line":15},"1":{"loc":{"start":{"line":15,"column":39},"end":{"line":15,"column":57}},"type":"binary-expr","locations":[{"start":{"line":15,"column":39},"end":{"line":15,"column":51}},{"start":{"line":15,"column":55},"end":{"line":15,"column":57}}],"line":15}},"s":{"0":0,"1":0,"2":0,"3":0,"4":0,"5":0,"6":0},"f":{"0":0,"1":0,"2":0},"b":{"0":[0,0],"1":[0,0]},"_coverageSchema":"332fd63041d2c1bcb487cc26dd0d5f7d97098a6c","hash":"acfdaa03ee419490f64d353529997dbeb764608b"}
,"/work/modulbank.kassa/Modulbank.Kassa/source/js/common/formElements/InputRender.js": {"path":"/work/modulbank.kassa/Modulbank.Kassa/source/js/common/formElements/InputRender.js","statementMap":{"0":{"start":{"line":9,"column":2},"end":{"line":9,"column":15}},"1":{"start":{"line":10,"column":2},"end":{"line":10,"column":40}},"2":{"start":{"line":22,"column":82},"end":{"line":22,"column":92}},"3":{"start":{"line":23,"column":32},"end":{"line":23,"column":41}},"4":{"start":{"line":24,"column":21},"end":{"line":24,"column":56}},"5":{"start":{"line":25,"column":2},"end":{"line":35,"column":4}},"6":{"start":{"line":27,"column":21},"end":{"line":27,"column":47}}},"fnMap":{"0":{"name":"(anonymous_0)","decl":{"start":{"line":8,"column":1},"end":{"line":8,"column":2}},"loc":{"start":{"line":8,"column":20},"end":{"line":11,"column":2}},"line":8},"1":{"name":"(anonymous_1)","decl":{"start":{"line":21,"column":1},"end":{"line":21,"column":2}},"loc":{"start":{"line":21,"column":10},"end":{"line":36,"column":2}},"line":21},"2":{"name":"(anonymous_2)","decl":{"start":{"line":27,"column":12},"end":{"line":27,"column":13}},"loc":{"start":{"line":27,"column":21},"end":{"line":27,"column":47}},"line":27}},"branchMap":{"0":{"loc":{"start":{"line":33,"column":18},"end":{"line":33,"column":53}},"type":"cond-expr","locations":[{"start":{"line":33,"column":35},"end":{"line":33,"column":41}},{"start":{"line":33,"column":44},"end":{"line":33,"column":53}}],"line":33}},"s":{"0":0,"1":0,"2":0,"3":0,"4":0,"5":0,"6":0},"f":{"0":0,"1":0,"2":0},"b":{"0":[0,0]},"_coverageSchema":"332fd63041d2c1bcb487cc26dd0d5f7d97098a6c","hash":"e0641e6775cda2c1f8753b5e50a1ca7fc2ddbac7"}
,"/work/modulbank.kassa/Modulbank.Kassa/source/js/common/formElements/NumberCounterRender.js": {"path":"/work/modulbank.kassa/Modulbank.Kassa/source/js/common/formElements/NumberCounterRender.js","statementMap":{"0":{"start":{"line":11,"column":2},"end":{"line":11,"column":15}},"1":{"start":{"line":12,"column":2},"end":{"line":12,"column":41}},"2":{"start":{"line":16,"column":66},"end":{"line":16,"column":76}},"3":{"start":{"line":17,"column":15},"end":{"line":17,"column":64}},"4":{"start":{"line":18,"column":2},"end":{"line":19,"column":10}},"5":{"start":{"line":19,"column":3},"end":{"line":19,"column":10}},"6":{"start":{"line":20,"column":2},"end":{"line":21,"column":10}},"7":{"start":{"line":21,"column":3},"end":{"line":21,"column":10}},"8":{"start":{"line":22,"column":2},"end":{"line":22,"column":54}},"9":{"start":{"line":26,"column":2},"end":{"line":26,"column":29}},"10":{"start":{"line":30,"column":2},"end":{"line":30,"column":30}},"11":{"start":{"line":34,"column":99},"end":{"line":34,"column":109}},"12":{"start":{"line":35,"column":32},"end":{"line":35,"column":41}},"13":{"start":{"line":36,"column":21},"end":{"line":36,"column":68}},"14":{"start":{"line":37,"column":2},"end":{"line":48,"column":4}},"15":{"start":{"line":41,"column":22},"end":{"line":41,"column":48}}},"fnMap":{"0":{"name":"(anonymous_0)","decl":{"start":{"line":10,"column":1},"end":{"line":10,"column":2}},"loc":{"start":{"line":10,"column":20},"end":{"line":13,"column":2}},"line":10},"1":{"name":"(anonymous_1)","decl":{"start":{"line":15,"column":1},"end":{"line":15,"column":2}},"loc":{"start":{"line":15,"column":31},"end":{"line":23,"column":2}},"line":15},"2":{"name":"(anonymous_2)","decl":{"start":{"line":25,"column":1},"end":{"line":25,"column":2}},"loc":{"start":{"line":25,"column":18},"end":{"line":27,"column":2}},"line":25},"3":{"name":"(anonymous_3)","decl":{"start":{"line":29,"column":1},"end":{"line":29,"column":2}},"loc":{"start":{"line":29,"column":18},"end":{"line":31,"column":2}},"line":29},"4":{"name":"(anonymous_4)","decl":{"start":{"line":33,"column":1},"end":{"line":33,"column":2}},"loc":{"start":{"line":33,"column":10},"end":{"line":49,"column":2}},"line":33},"5":{"name":"(anonymous_5)","decl":{"start":{"line":41,"column":13},"end":{"line":41,"column":14}},"loc":{"start":{"line":41,"column":22},"end":{"line":41,"column":48}},"line":41}},"branchMap":{"0":{"loc":{"start":{"line":16,"column":22},"end":{"line":16,"column":30}},"type":"default-arg","locations":[{"start":{"line":16,"column":29},"end":{"line":16,"column":30}}],"line":16},"1":{"loc":{"start":{"line":16,"column":32},"end":{"line":16,"column":47}},"type":"default-arg","locations":[{"start":{"line":16,"column":43},"end":{"line":16,"column":47}}],"line":16},"2":{"loc":{"start":{"line":16,"column":49},"end":{"line":16,"column":64}},"type":"default-arg","locations":[{"start":{"line":16,"column":60},"end":{"line":16,"column":64}}],"line":16},"3":{"loc":{"start":{"line":17,"column":26},"end":{"line":17,"column":42}},"type":"binary-expr","locations":[{"start":{"line":17,"column":26},"end":{"line":17,"column":37}},{"start":{"line":17,"column":41},"end":{"line":17,"column":42}}],"line":17},"4":{"loc":{"start":{"line":18,"column":2},"end":{"line":19,"column":10}},"type":"if","locations":[{"start":{"line":18,"column":2},"end":{"line":19,"column":10}},{"start":{"line":18,"column":2},"end":{"line":19,"column":10}}],"line":18},"5":{"loc":{"start":{"line":18,"column":6},"end":{"line":18,"column":45}},"type":"binary-expr","locations":[{"start":{"line":18,"column":6},"end":{"line":18,"column":24}},{"start":{"line":18,"column":28},"end":{"line":18,"column":45}}],"line":18},"6":{"loc":{"start":{"line":20,"column":2},"end":{"line":21,"column":10}},"type":"if","locations":[{"start":{"line":20,"column":2},"end":{"line":21,"column":10}},{"start":{"line":20,"column":2},"end":{"line":21,"column":10}}],"line":20},"7":{"loc":{"start":{"line":20,"column":6},"end":{"line":20,"column":45}},"type":"binary-expr","locations":[{"start":{"line":20,"column":6},"end":{"line":20,"column":24}},{"start":{"line":20,"column":28},"end":{"line":20,"column":45}}],"line":20},"8":{"loc":{"start":{"line":34,"column":61},"end":{"line":34,"column":97}},"type":"default-arg","locations":[{"start":{"line":34,"column":81},"end":{"line":34,"column":97}}],"line":34},"9":{"loc":{"start":{"line":36,"column":22},"end":{"line":36,"column":37}},"type":"binary-expr","locations":[{"start":{"line":36,"column":22},"end":{"line":36,"column":31}},{"start":{"line":36,"column":35},"end":{"line":36,"column":37}}],"line":36},"10":{"loc":{"start":{"line":36,"column":39},"end":{"line":36,"column":57}},"type":"binary-expr","locations":[{"start":{"line":36,"column":39},"end":{"line":36,"column":51}},{"start":{"line":36,"column":55},"end":{"line":36,"column":57}}],"line":36}},"s":{"0":0,"1":0,"2":0,"3":0,"4":0,"5":0,"6":0,"7":0,"8":0,"9":0,"10":0,"11":0,"12":0,"13":0,"14":0,"15":0},"f":{"0":0,"1":0,"2":0,"3":0,"4":0,"5":0},"b":{"0":[0],"1":[0],"2":[0],"3":[0,0],"4":[0,0],"5":[0,0],"6":[0,0],"7":[0,0],"8":[0],"9":[0,0],"10":[0,0]},"_coverageSchema":"332fd63041d2c1bcb487cc26dd0d5f7d97098a6c","hash":"620138ad64faef7cad54aa816de189971c85ba81"}
,"/work/modulbank.kassa/Modulbank.Kassa/source/js/common/formElements/NumberRender.js": {"path":"/work/modulbank.kassa/Modulbank.Kassa/source/js/common/formElements/NumberRender.js","statementMap":{"0":{"start":{"line":8,"column":2},"end":{"line":8,"column":15}},"1":{"start":{"line":9,"column":2},"end":{"line":9,"column":41}},"2":{"start":{"line":13,"column":68},"end":{"line":13,"column":78}},"3":{"start":{"line":14,"column":32},"end":{"line":14,"column":41}},"4":{"start":{"line":15,"column":21},"end":{"line":15,"column":68}},"5":{"start":{"line":16,"column":2},"end":{"line":24,"column":4}},"6":{"start":{"line":17,"column":30},"end":{"line":17,"column":56}}},"fnMap":{"0":{"name":"(anonymous_0)","decl":{"start":{"line":7,"column":1},"end":{"line":7,"column":2}},"loc":{"start":{"line":7,"column":20},"end":{"line":10,"column":2}},"line":7},"1":{"name":"(anonymous_1)","decl":{"start":{"line":12,"column":1},"end":{"line":12,"column":2}},"loc":{"start":{"line":12,"column":10},"end":{"line":25,"column":2}},"line":12},"2":{"name":"(anonymous_2)","decl":{"start":{"line":17,"column":21},"end":{"line":17,"column":22}},"loc":{"start":{"line":17,"column":30},"end":{"line":17,"column":56}},"line":17}},"branchMap":{"0":{"loc":{"start":{"line":15,"column":22},"end":{"line":15,"column":37}},"type":"binary-expr","locations":[{"start":{"line":15,"column":22},"end":{"line":15,"column":31}},{"start":{"line":15,"column":35},"end":{"line":15,"column":37}}],"line":15},"1":{"loc":{"start":{"line":15,"column":39},"end":{"line":15,"column":57}},"type":"binary-expr","locations":[{"start":{"line":15,"column":39},"end":{"line":15,"column":51}},{"start":{"line":15,"column":55},"end":{"line":15,"column":57}}],"line":15}},"s":{"0":0,"1":0,"2":0,"3":0,"4":0,"5":0,"6":0},"f":{"0":0,"1":0,"2":0},"b":{"0":[0,0],"1":[0,0]},"_coverageSchema":"332fd63041d2c1bcb487cc26dd0d5f7d97098a6c","hash":"6e2196bad16a2a7cf1c1ea7a37fb8a71e69b6965"}
,"/work/modulbank.kassa/Modulbank.Kassa/source/js/common/formElements/SelectRender.js": {"path":"/work/modulbank.kassa/Modulbank.Kassa/source/js/common/formElements/SelectRender.js","statementMap":{"0":{"start":{"line":9,"column":2},"end":{"line":9,"column":15}},"1":{"start":{"line":10,"column":2},"end":{"line":10,"column":41}},"2":{"start":{"line":17,"column":4},"end":{"line":17,"column":14}},"3":{"start":{"line":19,"column":61},"end":{"line":19,"column":71}},"4":{"start":{"line":21,"column":2},"end":{"line":23,"column":3}},"5":{"start":{"line":22,"column":3},"end":{"line":22,"column":27}},"6":{"start":{"line":25,"column":25},"end":{"line":29,"column":3}},"7":{"start":{"line":26,"column":3},"end":{"line":26,"column":45}},"8":{"start":{"line":27,"column":3},"end":{"line":28,"column":24}},"9":{"start":{"line":28,"column":4},"end":{"line":28,"column":24}},"10":{"start":{"line":31,"column":23},"end":{"line":35,"column":3}},"11":{"start":{"line":32,"column":3},"end":{"line":32,"column":28}},"12":{"start":{"line":33,"column":3},"end":{"line":34,"column":24}},"13":{"start":{"line":34,"column":4},"end":{"line":34,"column":24}},"14":{"start":{"line":37,"column":21},"end":{"line":37,"column":68}},"15":{"start":{"line":38,"column":2},"end":{"line":47,"column":6}},"16":{"start":{"line":38,"column":28},"end":{"line":38,"column":50}},"17":{"start":{"line":51,"column":0},"end":{"line":51,"column":42}}},"fnMap":{"0":{"name":"(anonymous_0)","decl":{"start":{"line":8,"column":1},"end":{"line":8,"column":2}},"loc":{"start":{"line":8,"column":20},"end":{"line":11,"column":2}},"line":8},"1":{"name":"(anonymous_1)","decl":{"start":{"line":13,"column":1},"end":{"line":13,"column":2}},"loc":{"start":{"line":13,"column":10},"end":{"line":48,"column":2}},"line":13},"2":{"name":"(anonymous_2)","decl":{"start":{"line":25,"column":25},"end":{"line":25,"column":26}},"loc":{"start":{"line":25,"column":34},"end":{"line":29,"column":3}},"line":25},"3":{"name":"(anonymous_3)","decl":{"start":{"line":31,"column":23},"end":{"line":31,"column":24}},"loc":{"start":{"line":31,"column":34},"end":{"line":35,"column":3}},"line":31},"4":{"name":"(anonymous_4)","decl":{"start":{"line":38,"column":23},"end":{"line":38,"column":24}},"loc":{"start":{"line":38,"column":28},"end":{"line":38,"column":50}},"line":38}},"branchMap":{"0":{"loc":{"start":{"line":16,"column":33},"end":{"line":16,"column":51}},"type":"default-arg","locations":[{"start":{"line":16,"column":44},"end":{"line":16,"column":51}}],"line":16},"1":{"loc":{"start":{"line":21,"column":2},"end":{"line":23,"column":3}},"type":"if","locations":[{"start":{"line":21,"column":2},"end":{"line":23,"column":3}},{"start":{"line":21,"column":2},"end":{"line":23,"column":3}}],"line":21},"2":{"loc":{"start":{"line":26,"column":17},"end":{"line":26,"column":43}},"type":"cond-expr","locations":[{"start":{"line":26,"column":23},"end":{"line":26,"column":36}},{"start":{"line":26,"column":39},"end":{"line":26,"column":43}}],"line":26},"3":{"loc":{"start":{"line":27,"column":3},"end":{"line":28,"column":24}},"type":"if","locations":[{"start":{"line":27,"column":3},"end":{"line":28,"column":24}},{"start":{"line":27,"column":3},"end":{"line":28,"column":24}}],"line":27},"4":{"loc":{"start":{"line":33,"column":3},"end":{"line":34,"column":24}},"type":"if","locations":[{"start":{"line":33,"column":3},"end":{"line":34,"column":24}},{"start":{"line":33,"column":3},"end":{"line":34,"column":24}}],"line":33},"5":{"loc":{"start":{"line":37,"column":22},"end":{"line":37,"column":37}},"type":"binary-expr","locations":[{"start":{"line":37,"column":22},"end":{"line":37,"column":31}},{"start":{"line":37,"column":35},"end":{"line":37,"column":37}}],"line":37},"6":{"loc":{"start":{"line":37,"column":39},"end":{"line":37,"column":57}},"type":"binary-expr","locations":[{"start":{"line":37,"column":39},"end":{"line":37,"column":51}},{"start":{"line":37,"column":55},"end":{"line":37,"column":57}}],"line":37}},"s":{"0":0,"1":0,"2":0,"3":0,"4":0,"5":0,"6":0,"7":0,"8":0,"9":0,"10":0,"11":0,"12":0,"13":0,"14":0,"15":0,"16":0,"17":1},"f":{"0":0,"1":0,"2":0,"3":0,"4":0},"b":{"0":[0],"1":[0,0],"2":[0,0],"3":[0,0],"4":[0,0],"5":[0,0],"6":[0,0]},"_coverageSchema":"332fd63041d2c1bcb487cc26dd0d5f7d97098a6c","hash":"c961fbbbcf4f1ee4d724d8d146f6da2f06f91318"}
,"/work/modulbank.kassa/Modulbank.Kassa/source/js/common/formElements/TextAreaRender.js": {"path":"/work/modulbank.kassa/Modulbank.Kassa/source/js/common/formElements/TextAreaRender.js","statementMap":{"0":{"start":{"line":9,"column":2},"end":{"line":9,"column":15}},"1":{"start":{"line":10,"column":2},"end":{"line":10,"column":40}},"2":{"start":{"line":14,"column":61},"end":{"line":14,"column":71}},"3":{"start":{"line":15,"column":32},"end":{"line":15,"column":41}},"4":{"start":{"line":16,"column":21},"end":{"line":16,"column":68}},"5":{"start":{"line":17,"column":2},"end":{"line":24,"column":4}},"6":{"start":{"line":19,"column":21},"end":{"line":19,"column":47}}},"fnMap":{"0":{"name":"(anonymous_0)","decl":{"start":{"line":8,"column":1},"end":{"line":8,"column":2}},"loc":{"start":{"line":8,"column":20},"end":{"line":11,"column":2}},"line":8},"1":{"name":"(anonymous_1)","decl":{"start":{"line":13,"column":1},"end":{"line":13,"column":2}},"loc":{"start":{"line":13,"column":10},"end":{"line":25,"column":2}},"line":13},"2":{"name":"(anonymous_2)","decl":{"start":{"line":19,"column":12},"end":{"line":19,"column":13}},"loc":{"start":{"line":19,"column":21},"end":{"line":19,"column":47}},"line":19}},"branchMap":{"0":{"loc":{"start":{"line":16,"column":22},"end":{"line":16,"column":37}},"type":"binary-expr","locations":[{"start":{"line":16,"column":22},"end":{"line":16,"column":31}},{"start":{"line":16,"column":35},"end":{"line":16,"column":37}}],"line":16},"1":{"loc":{"start":{"line":16,"column":39},"end":{"line":16,"column":57}},"type":"binary-expr","locations":[{"start":{"line":16,"column":39},"end":{"line":16,"column":51}},{"start":{"line":16,"column":55},"end":{"line":16,"column":57}}],"line":16}},"s":{"0":0,"1":0,"2":0,"3":0,"4":0,"5":0,"6":0},"f":{"0":0,"1":0,"2":0},"b":{"0":[0,0],"1":[0,0]},"_coverageSchema":"332fd63041d2c1bcb487cc26dd0d5f7d97098a6c","hash":"a06f2e1d08f275be0b98a112c0893b5e4b143e7e"}
,"/work/modulbank.kassa/Modulbank.Kassa/source/js/common/formElements/index.js": {"path":"/work/modulbank.kassa/Modulbank.Kassa/source/js/common/formElements/index.js","statementMap":{},"fnMap":{},"branchMap":{},"s":{},"f":{},"b":{},"_coverageSchema":"332fd63041d2c1bcb487cc26dd0d5f7d97098a6c","hash":"1e52bb50b8be990de7d1ef97189374f015249adc"}
,"/work/modulbank.kassa/Modulbank.Kassa/source/js/common/formElements/reduxForm.js": {"path":"/work/modulbank.kassa/Modulbank.Kassa/source/js/common/formElements/reduxForm.js","statementMap":{"0":{"start":{"line":5,"column":22},"end":{"line":10,"column":1}},"1":{"start":{"line":6,"column":1},"end":{"line":9,"column":2}},"2":{"start":{"line":7,"column":21},"end":{"line":7,"column":43}},"3":{"start":{"line":8,"column":2},"end":{"line":8,"column":50}},"4":{"start":{"line":12,"column":25},"end":{"line":31,"column":1}},"5":{"start":{"line":12,"column":88},"end":{"line":31,"column":1}},"6":{"start":{"line":13,"column":23},"end":{"line":13,"column":69}},"7":{"start":{"line":16,"column":42},"end":{"line":16,"column":52}},"8":{"start":{"line":17,"column":3},"end":{"line":17,"column":41}},"9":{"start":{"line":18,"column":3},"end":{"line":18,"column":70}},"10":{"start":{"line":19,"column":3},"end":{"line":19,"column":74}},"11":{"start":{"line":20,"column":3},"end":{"line":21,"column":28}},"12":{"start":{"line":21,"column":4},"end":{"line":21,"column":28}},"13":{"start":{"line":25,"column":39},"end":{"line":25,"column":49}},"14":{"start":{"line":26,"column":3},"end":{"line":26,"column":84}},"15":{"start":{"line":30,"column":1},"end":{"line":30,"column":18}}},"fnMap":{"0":{"name":"(anonymous_0)","decl":{"start":{"line":5,"column":22},"end":{"line":5,"column":23}},"loc":{"start":{"line":5,"column":50},"end":{"line":10,"column":1}},"line":5},"1":{"name":"(anonymous_1)","decl":{"start":{"line":12,"column":25},"end":{"line":12,"column":26}},"loc":{"start":{"line":12,"column":88},"end":{"line":31,"column":1}},"line":12},"2":{"name":"(anonymous_2)","decl":{"start":{"line":12,"column":88},"end":{"line":12,"column":89}},"loc":{"start":{"line":12,"column":103},"end":{"line":31,"column":1}},"line":12},"3":{"name":"(anonymous_3)","decl":{"start":{"line":15,"column":2},"end":{"line":15,"column":3}},"loc":{"start":{"line":15,"column":62},"end":{"line":22,"column":3}},"line":15},"4":{"name":"(anonymous_4)","decl":{"start":{"line":24,"column":2},"end":{"line":24,"column":3}},"loc":{"start":{"line":24,"column":11},"end":{"line":27,"column":3}},"line":24}},"branchMap":{"0":{"loc":{"start":{"line":6,"column":1},"end":{"line":9,"column":2}},"type":"if","locations":[{"start":{"line":6,"column":1},"end":{"line":9,"column":2}},{"start":{"line":6,"column":1},"end":{"line":9,"column":2}}],"line":6},"1":{"loc":{"start":{"line":8,"column":2},"end":{"line":8,"column":49}},"type":"binary-expr","locations":[{"start":{"line":8,"column":2},"end":{"line":8,"column":12}},{"start":{"line":8,"column":16},"end":{"line":8,"column":49}}],"line":8},"2":{"loc":{"start":{"line":18,"column":3},"end":{"line":18,"column":69}},"type":"binary-expr","locations":[{"start":{"line":18,"column":3},"end":{"line":18,"column":20}},{"start":{"line":18,"column":24},"end":{"line":18,"column":69}}],"line":18},"3":{"loc":{"start":{"line":19,"column":3},"end":{"line":19,"column":73}},"type":"binary-expr","locations":[{"start":{"line":19,"column":3},"end":{"line":19,"column":22}},{"start":{"line":19,"column":26},"end":{"line":19,"column":73}}],"line":19},"4":{"loc":{"start":{"line":20,"column":3},"end":{"line":21,"column":28}},"type":"if","locations":[{"start":{"line":20,"column":3},"end":{"line":21,"column":28}},{"start":{"line":20,"column":3},"end":{"line":21,"column":28}}],"line":20},"5":{"loc":{"start":{"line":20,"column":7},"end":{"line":20,"column":49}},"type":"binary-expr","locations":[{"start":{"line":20,"column":7},"end":{"line":20,"column":25}},{"start":{"line":20,"column":29},"end":{"line":20,"column":49}}],"line":20}},"s":{"0":1,"1":0,"2":0,"3":0,"4":1,"5":0,"6":0,"7":0,"8":0,"9":0,"10":0,"11":0,"12":0,"13":0,"14":0,"15":0},"f":{"0":0,"1":0,"2":0,"3":0,"4":0},"b":{"0":[0,0],"1":[0,0],"2":[0,0],"3":[0,0],"4":[0,0],"5":[0,0]},"_coverageSchema":"332fd63041d2c1bcb487cc26dd0d5f7d97098a6c","hash":"dc6bf2302d9cf6de6145ba959c82ff238355fb5f"}
,"/work/modulbank.kassa/Modulbank.Kassa/source/js/common/formElements/fields/AmountField.jsx": {"path":"/work/modulbank.kassa/Modulbank.Kassa/source/js/common/formElements/fields/AmountField.jsx","statementMap":{"0":{"start":{"line":8,"column":20},"end":{"line":15,"column":1}},"1":{"start":{"line":9,"column":23},"end":{"line":9,"column":90}},"2":{"start":{"line":10,"column":4},"end":{"line":14,"column":7}},"3":{"start":{"line":17,"column":0},"end":{"line":17,"column":40}}},"fnMap":{"0":{"name":"(anonymous_0)","decl":{"start":{"line":8,"column":20},"end":{"line":8,"column":21}},"loc":{"start":{"line":8,"column":78},"end":{"line":15,"column":1}},"line":8}},"branchMap":{"0":{"loc":{"start":{"line":8,"column":49},"end":{"line":8,"column":62}},"type":"default-arg","locations":[{"start":{"line":8,"column":60},"end":{"line":8,"column":62}}],"line":8}},"s":{"0":1,"1":0,"2":0,"3":1},"f":{"0":0},"b":{"0":[0]},"_coverageSchema":"332fd63041d2c1bcb487cc26dd0d5f7d97098a6c","hash":"4f3cdfca05c4e512d0805483359c817eb6105d8c"}
,"/work/modulbank.kassa/Modulbank.Kassa/source/js/common/formElements/fields/DatePickerField.js": {"path":"/work/modulbank.kassa/Modulbank.Kassa/source/js/common/formElements/fields/DatePickerField.js","statementMap":{"0":{"start":{"line":8,"column":18},"end":{"line":14,"column":1}},"1":{"start":{"line":9,"column":1},"end":{"line":10,"column":14}},"2":{"start":{"line":10,"column":2},"end":{"line":10,"column":14}},"3":{"start":{"line":11,"column":1},"end":{"line":12,"column":45}},"4":{"start":{"line":12,"column":2},"end":{"line":12,"column":45}},"5":{"start":{"line":13,"column":1},"end":{"line":13,"column":13}},"6":{"start":{"line":16,"column":24},"end":{"line":22,"column":1}},"7":{"start":{"line":17,"column":20},"end":{"line":17,"column":87}},"8":{"start":{"line":18,"column":1},"end":{"line":21,"column":19}},"9":{"start":{"line":24,"column":0},"end":{"line":27,"column":2}}},"fnMap":{"0":{"name":"(anonymous_0)","decl":{"start":{"line":8,"column":18},"end":{"line":8,"column":19}},"loc":{"start":{"line":8,"column":26},"end":{"line":14,"column":1}},"line":8},"1":{"name":"(anonymous_1)","decl":{"start":{"line":16,"column":24},"end":{"line":16,"column":25}},"loc":{"start":{"line":16,"column":82},"end":{"line":22,"column":1}},"line":16}},"branchMap":{"0":{"loc":{"start":{"line":9,"column":1},"end":{"line":10,"column":14}},"type":"if","locations":[{"start":{"line":9,"column":1},"end":{"line":10,"column":14}},{"start":{"line":9,"column":1},"end":{"line":10,"column":14}}],"line":9},"1":{"loc":{"start":{"line":11,"column":1},"end":{"line":12,"column":45}},"type":"if","locations":[{"start":{"line":11,"column":1},"end":{"line":12,"column":45}},{"start":{"line":11,"column":1},"end":{"line":12,"column":45}}],"line":11},"2":{"loc":{"start":{"line":16,"column":53},"end":{"line":16,"column":66}},"type":"default-arg","locations":[{"start":{"line":16,"column":64},"end":{"line":16,"column":66}}],"line":16}},"s":{"0":1,"1":0,"2":0,"3":0,"4":0,"5":0,"6":1,"7":0,"8":0,"9":1},"f":{"0":0,"1":0},"b":{"0":[0,0],"1":[0,0],"2":[0]},"_coverageSchema":"332fd63041d2c1bcb487cc26dd0d5f7d97098a6c","hash":"8fb6d38a6a88ec48c0a3140716adbb5ed5d4e858"}
,"/work/modulbank.kassa/Modulbank.Kassa/source/js/common/formElements/fields/InputField.js": {"path":"/work/modulbank.kassa/Modulbank.Kassa/source/js/common/formElements/fields/InputField.js","statementMap":{"0":{"start":{"line":7,"column":19},"end":{"line":13,"column":1}},"1":{"start":{"line":8,"column":20},"end":{"line":8,"column":87}},"2":{"start":{"line":9,"column":1},"end":{"line":12,"column":21}},"3":{"start":{"line":15,"column":0},"end":{"line":30,"column":2}}},"fnMap":{"0":{"name":"(anonymous_0)","decl":{"start":{"line":7,"column":19},"end":{"line":7,"column":20}},"loc":{"start":{"line":7,"column":117},"end":{"line":13,"column":1}},"line":7}},"branchMap":{"0":{"loc":{"start":{"line":7,"column":21},"end":{"line":7,"column":34}},"type":"default-arg","locations":[{"start":{"line":7,"column":28},"end":{"line":7,"column":34}}],"line":7},"1":{"loc":{"start":{"line":7,"column":36},"end":{"line":7,"column":59}},"type":"default-arg","locations":[{"start":{"line":7,"column":48},"end":{"line":7,"column":59}}],"line":7},"2":{"loc":{"start":{"line":7,"column":88},"end":{"line":7,"column":101}},"type":"default-arg","locations":[{"start":{"line":7,"column":99},"end":{"line":7,"column":101}}],"line":7}},"s":{"0":1,"1":0,"2":0,"3":1},"f":{"0":0},"b":{"0":[0],"1":[0],"2":[0]},"_coverageSchema":"332fd63041d2c1bcb487cc26dd0d5f7d97098a6c","hash":"a1f169fe07e6bc905c3009cd656884b6b469ae0b"}
,"/work/modulbank.kassa/Modulbank.Kassa/source/js/common/formElements/fields/NumberField.jsx": {"path":"/work/modulbank.kassa/Modulbank.Kassa/source/js/common/formElements/fields/NumberField.jsx","statementMap":{"0":{"start":{"line":34,"column":114},"end":{"line":34,"column":124}},"1":{"start":{"line":36,"column":28},"end":{"line":36,"column":72}},"2":{"start":{"line":37,"column":27},"end":{"line":37,"column":107}},"3":{"start":{"line":38,"column":8},"end":{"line":42,"column":37}}},"fnMap":{"0":{"name":"(anonymous_0)","decl":{"start":{"line":33,"column":4},"end":{"line":33,"column":5}},"loc":{"start":{"line":33,"column":13},"end":{"line":43,"column":5}},"line":33}},"branchMap":{"0":{"loc":{"start":{"line":34,"column":42},"end":{"line":34,"column":55}},"type":"default-arg","locations":[{"start":{"line":34,"column":53},"end":{"line":34,"column":55}}],"line":34},"1":{"loc":{"start":{"line":34,"column":57},"end":{"line":34,"column":81}},"type":"default-arg","locations":[{"start":{"line":34,"column":69},"end":{"line":34,"column":81}}],"line":34}},"s":{"0":0,"1":0,"2":0,"3":0},"f":{"0":0},"b":{"0":[0],"1":[0]},"_coverageSchema":"332fd63041d2c1bcb487cc26dd0d5f7d97098a6c","hash":"350dd75bc4cefcef9ff343f8fd22b7f6c1c3cbcf"}
,"/work/modulbank.kassa/Modulbank.Kassa/source/js/common/formElements/fields/PhoneField.jsx": {"path":"/work/modulbank.kassa/Modulbank.Kassa/source/js/common/formElements/fields/PhoneField.jsx","statementMap":{"0":{"start":{"line":8,"column":20},"end":{"line":10,"column":1}},"1":{"start":{"line":9,"column":4},"end":{"line":9,"column":39}},"2":{"start":{"line":14,"column":68},"end":{"line":14,"column":78}},"3":{"start":{"line":15,"column":27},"end":{"line":15,"column":94}},"4":{"start":{"line":17,"column":8},"end":{"line":22,"column":11}},"5":{"start":{"line":26,"column":0},"end":{"line":26,"column":39}}},"fnMap":{"0":{"name":"(anonymous_0)","decl":{"start":{"line":8,"column":20},"end":{"line":8,"column":21}},"loc":{"start":{"line":8,"column":31},"end":{"line":10,"column":1}},"line":8},"1":{"name":"(anonymous_1)","decl":{"start":{"line":13,"column":4},"end":{"line":13,"column":5}},"loc":{"start":{"line":13,"column":13},"end":{"line":23,"column":5}},"line":13}},"branchMap":{"0":{"loc":{"start":{"line":14,"column":42},"end":{"line":14,"column":55}},"type":"default-arg","locations":[{"start":{"line":14,"column":53},"end":{"line":14,"column":55}}],"line":14}},"s":{"0":1,"1":0,"2":0,"3":0,"4":0,"5":1},"f":{"0":0,"1":0},"b":{"0":[0]},"_coverageSchema":"332fd63041d2c1bcb487cc26dd0d5f7d97098a6c","hash":"71a323732f4b3e022a55ce15d6e1a3e416961507"}
,"/work/modulbank.kassa/Modulbank.Kassa/source/js/common/formElements/fields/SelectField.js": {"path":"/work/modulbank.kassa/Modulbank.Kassa/source/js/common/formElements/fields/SelectField.js","statementMap":{"0":{"start":{"line":7,"column":21},"end":{"line":10,"column":2}},"1":{"start":{"line":91,"column":99},"end":{"line":91,"column":109}},"2":{"start":{"line":92,"column":21},"end":{"line":92,"column":88}},"3":{"start":{"line":94,"column":2},"end":{"line":99,"column":21}}},"fnMap":{"0":{"name":"(anonymous_0)","decl":{"start":{"line":90,"column":1},"end":{"line":90,"column":2}},"loc":{"start":{"line":90,"column":10},"end":{"line":100,"column":2}},"line":90}},"branchMap":{"0":{"loc":{"start":{"line":91,"column":54},"end":{"line":91,"column":67}},"type":"default-arg","locations":[{"start":{"line":91,"column":65},"end":{"line":91,"column":67}}],"line":91},"1":{"loc":{"start":{"line":91,"column":69},"end":{"line":91,"column":85}},"type":"default-arg","locations":[{"start":{"line":91,"column":83},"end":{"line":91,"column":85}}],"line":91}},"s":{"0":1,"1":0,"2":0,"3":0},"f":{"0":0},"b":{"0":[0],"1":[0]},"_coverageSchema":"332fd63041d2c1bcb487cc26dd0d5f7d97098a6c","hash":"f2776a76b8962e5c25ead2c405dca6c266e0dba9"}
,"/work/modulbank.kassa/Modulbank.Kassa/source/js/common/formElements/fields/SwitchField.js": {"path":"/work/modulbank.kassa/Modulbank.Kassa/source/js/common/formElements/fields/SwitchField.js","statementMap":{"0":{"start":{"line":5,"column":20},"end":{"line":14,"column":1}},"1":{"start":{"line":6,"column":1},"end":{"line":13,"column":8}},"2":{"start":{"line":8,"column":3},"end":{"line":11,"column":9}},"3":{"start":{"line":16,"column":0},"end":{"line":24,"column":2}}},"fnMap":{"0":{"name":"(anonymous_0)","decl":{"start":{"line":5,"column":20},"end":{"line":5,"column":21}},"loc":{"start":{"line":5,"column":45},"end":{"line":14,"column":1}},"line":5},"1":{"name":"(anonymous_1)","decl":{"start":{"line":7,"column":19},"end":{"line":7,"column":20}},"loc":{"start":{"line":8,"column":3},"end":{"line":11,"column":9}},"line":8}},"branchMap":{},"s":{"0":1,"1":0,"2":0,"3":1},"f":{"0":0,"1":0},"b":{},"_coverageSchema":"332fd63041d2c1bcb487cc26dd0d5f7d97098a6c","hash":"2ec1294e353892ed6f845773e20c618070ad1778"}
,"/work/modulbank.kassa/Modulbank.Kassa/source/js/common/formElements/fields/TextAreaField.js": {"path":"/work/modulbank.kassa/Modulbank.Kassa/source/js/common/formElements/fields/TextAreaField.js","statementMap":{"0":{"start":{"line":7,"column":22},"end":{"line":13,"column":1}},"1":{"start":{"line":8,"column":20},"end":{"line":8,"column":87}},"2":{"start":{"line":9,"column":1},"end":{"line":12,"column":21}},"3":{"start":{"line":15,"column":0},"end":{"line":15,"column":42}}},"fnMap":{"0":{"name":"(anonymous_0)","decl":{"start":{"line":7,"column":22},"end":{"line":7,"column":23}},"loc":{"start":{"line":7,"column":123},"end":{"line":13,"column":1}},"line":7}},"branchMap":{"0":{"loc":{"start":{"line":7,"column":24},"end":{"line":7,"column":37}},"type":"default-arg","locations":[{"start":{"line":7,"column":31},"end":{"line":7,"column":37}}],"line":7},"1":{"loc":{"start":{"line":7,"column":39},"end":{"line":7,"column":65}},"type":"default-arg","locations":[{"start":{"line":7,"column":51},"end":{"line":7,"column":65}}],"line":7},"2":{"loc":{"start":{"line":7,"column":94},"end":{"line":7,"column":107}},"type":"default-arg","locations":[{"start":{"line":7,"column":105},"end":{"line":7,"column":107}}],"line":7}},"s":{"0":1,"1":0,"2":0,"3":1},"f":{"0":0},"b":{"0":[0],"1":[0],"2":[0]},"_coverageSchema":"332fd63041d2c1bcb487cc26dd0d5f7d97098a6c","hash":"bc9ac24ea282f227a73a96779bfb4be6694c2f90"}
,"/work/modulbank.kassa/Modulbank.Kassa/source/js/common/formElements/fields/index.js": {"path":"/work/modulbank.kassa/Modulbank.Kassa/source/js/common/formElements/fields/index.js","statementMap":{},"fnMap":{},"branchMap":{},"s":{},"f":{},"b":{},"_coverageSchema":"332fd63041d2c1bcb487cc26dd0d5f7d97098a6c","hash":"7bf2e12c86382b0f7bfdf5145b72b69a30b758e2"}
,"/work/modulbank.kassa/Modulbank.Kassa/source/js/common/formElements/fields/inputFieldShape.js": {"path":"/work/modulbank.kassa/Modulbank.Kassa/source/js/common/formElements/fields/inputFieldShape.js","statementMap":{},"fnMap":{},"branchMap":{},"s":{},"f":{},"b":{},"_coverageSchema":"332fd63041d2c1bcb487cc26dd0d5f7d97098a6c","hash":"0aa3b714674062bc3b9658ff01883026d570c40e"}
,"/work/modulbank.kassa/Modulbank.Kassa/source/js/common/formElements/fields/normalizeInn.js": {"path":"/work/modulbank.kassa/Modulbank.Kassa/source/js/common/formElements/fields/normalizeInn.js","statementMap":{"0":{"start":{"line":4,"column":21},"end":{"line":9,"column":1}},"1":{"start":{"line":5,"column":1},"end":{"line":7,"column":2}},"2":{"start":{"line":6,"column":2},"end":{"line":6,"column":15}},"3":{"start":{"line":8,"column":1},"end":{"line":8,"column":49}}},"fnMap":{"0":{"name":"(anonymous_0)","decl":{"start":{"line":4,"column":21},"end":{"line":4,"column":22}},"loc":{"start":{"line":4,"column":47},"end":{"line":9,"column":1}},"line":4}},"branchMap":{"0":{"loc":{"start":{"line":5,"column":1},"end":{"line":7,"column":2}},"type":"if","locations":[{"start":{"line":5,"column":1},"end":{"line":7,"column":2}},{"start":{"line":5,"column":1},"end":{"line":7,"column":2}}],"line":5}},"s":{"0":1,"1":0,"2":0,"3":0},"f":{"0":0},"b":{"0":[0,0]},"_coverageSchema":"332fd63041d2c1bcb487cc26dd0d5f7d97098a6c","hash":"ab620a484cd15c056cf087c472f4cba2f963947c"}
,"/work/modulbank.kassa/Modulbank.Kassa/source/js/common/formElements/fields/normalizeKpp.js": {"path":"/work/modulbank.kassa/Modulbank.Kassa/source/js/common/formElements/fields/normalizeKpp.js","statementMap":{"0":{"start":{"line":4,"column":21},"end":{"line":9,"column":1}},"1":{"start":{"line":5,"column":1},"end":{"line":7,"column":2}},"2":{"start":{"line":6,"column":2},"end":{"line":6,"column":15}},"3":{"start":{"line":8,"column":1},"end":{"line":8,"column":48}}},"fnMap":{"0":{"name":"(anonymous_0)","decl":{"start":{"line":4,"column":21},"end":{"line":4,"column":22}},"loc":{"start":{"line":4,"column":47},"end":{"line":9,"column":1}},"line":4}},"branchMap":{"0":{"loc":{"start":{"line":5,"column":1},"end":{"line":7,"column":2}},"type":"if","locations":[{"start":{"line":5,"column":1},"end":{"line":7,"column":2}},{"start":{"line":5,"column":1},"end":{"line":7,"column":2}}],"line":5}},"s":{"0":1,"1":0,"2":0,"3":0},"f":{"0":0},"b":{"0":[0,0]},"_coverageSchema":"332fd63041d2c1bcb487cc26dd0d5f7d97098a6c","hash":"1741070a54c16344195832f0472e1f1cfa550c35"}
,"/work/modulbank.kassa/Modulbank.Kassa/source/js/common/formElements/fields/normalizePhone.js": {"path":"/work/modulbank.kassa/Modulbank.Kassa/source/js/common/formElements/fields/normalizePhone.js","statementMap":{"0":{"start":{"line":4,"column":23},"end":{"line":28,"column":1}},"1":{"start":{"line":5,"column":1},"end":{"line":7,"column":2}},"2":{"start":{"line":6,"column":2},"end":{"line":6,"column":36}},"3":{"start":{"line":8,"column":18},"end":{"line":8,"column":45}},"4":{"start":{"line":9,"column":1},"end":{"line":17,"column":2}},"5":{"start":{"line":11,"column":2},"end":{"line":13,"column":3}},"6":{"start":{"line":12,"column":3},"end":{"line":12,"column":24}},"7":{"start":{"line":14,"column":2},"end":{"line":16,"column":3}},"8":{"start":{"line":15,"column":3},"end":{"line":15,"column":62}},"9":{"start":{"line":18,"column":1},"end":{"line":20,"column":2}},"10":{"start":{"line":19,"column":2},"end":{"line":19,"column":17}},"11":{"start":{"line":21,"column":1},"end":{"line":23,"column":2}},"12":{"start":{"line":22,"column":2},"end":{"line":22,"column":55}},"13":{"start":{"line":24,"column":1},"end":{"line":26,"column":2}},"14":{"start":{"line":25,"column":2},"end":{"line":25,"column":87}},"15":{"start":{"line":27,"column":1},"end":{"line":27,"column":116}}},"fnMap":{"0":{"name":"(anonymous_0)","decl":{"start":{"line":4,"column":23},"end":{"line":4,"column":24}},"loc":{"start":{"line":4,"column":49},"end":{"line":28,"column":1}},"line":4}},"branchMap":{"0":{"loc":{"start":{"line":5,"column":1},"end":{"line":7,"column":2}},"type":"if","locations":[{"start":{"line":5,"column":1},"end":{"line":7,"column":2}},{"start":{"line":5,"column":1},"end":{"line":7,"column":2}}],"line":5},"1":{"loc":{"start":{"line":6,"column":9},"end":{"line":6,"column":35}},"type":"cond-expr","locations":[{"start":{"line":6,"column":25},"end":{"line":6,"column":27}},{"start":{"line":6,"column":30},"end":{"line":6,"column":35}}],"line":6},"2":{"loc":{"start":{"line":9,"column":1},"end":{"line":17,"column":2}},"type":"if","locations":[{"start":{"line":9,"column":1},"end":{"line":17,"column":2}},{"start":{"line":9,"column":1},"end":{"line":17,"column":2}}],"line":9},"3":{"loc":{"start":{"line":9,"column":5},"end":{"line":9,"column":58}},"type":"binary-expr","locations":[{"start":{"line":9,"column":5},"end":{"line":9,"column":19}},{"start":{"line":9,"column":23},"end":{"line":9,"column":58}}],"line":9},"4":{"loc":{"start":{"line":11,"column":2},"end":{"line":13,"column":3}},"type":"if","locations":[{"start":{"line":11,"column":2},"end":{"line":13,"column":3}},{"start":{"line":11,"column":2},"end":{"line":13,"column":3}}],"line":11},"5":{"loc":{"start":{"line":14,"column":2},"end":{"line":16,"column":3}},"type":"if","locations":[{"start":{"line":14,"column":2},"end":{"line":16,"column":3}},{"start":{"line":14,"column":2},"end":{"line":16,"column":3}}],"line":14},"6":{"loc":{"start":{"line":18,"column":1},"end":{"line":20,"column":2}},"type":"if","locations":[{"start":{"line":18,"column":1},"end":{"line":20,"column":2}},{"start":{"line":18,"column":1},"end":{"line":20,"column":2}}],"line":18},"7":{"loc":{"start":{"line":21,"column":1},"end":{"line":23,"column":2}},"type":"if","locations":[{"start":{"line":21,"column":1},"end":{"line":23,"column":2}},{"start":{"line":21,"column":1},"end":{"line":23,"column":2}}],"line":21},"8":{"loc":{"start":{"line":24,"column":1},"end":{"line":26,"column":2}},"type":"if","locations":[{"start":{"line":24,"column":1},"end":{"line":26,"column":2}},{"start":{"line":24,"column":1},"end":{"line":26,"column":2}}],"line":24}},"s":{"0":1,"1":0,"2":0,"3":0,"4":0,"5":0,"6":0,"7":0,"8":0,"9":0,"10":0,"11":0,"12":0,"13":0,"14":0,"15":0},"f":{"0":0},"b":{"0":[0,0],"1":[0,0],"2":[0,0],"3":[0,0],"4":[0,0],"5":[0,0],"6":[0,0],"7":[0,0],"8":[0,0]},"_coverageSchema":"332fd63041d2c1bcb487cc26dd0d5f7d97098a6c","hash":"85448a47a39728bf485ee93299c18dd46a0f485b"}
,"/work/modulbank.kassa/Modulbank.Kassa/source/js/common/formElements/validationHelpers/CustomFocusable.js": {"path":"/work/modulbank.kassa/Modulbank.Kassa/source/js/common/formElements/validationHelpers/CustomFocusable.js","statementMap":{"0":{"start":{"line":5,"column":2},"end":{"line":5,"column":27}},"1":{"start":{"line":9,"column":2},"end":{"line":10,"column":35}},"2":{"start":{"line":10,"column":3},"end":{"line":10,"column":35}},"3":{"start":{"line":11,"column":2},"end":{"line":12,"column":57}},"4":{"start":{"line":12,"column":3},"end":{"line":12,"column":57}},"5":{"start":{"line":13,"column":2},"end":{"line":13,"column":33}}},"fnMap":{"0":{"name":"(anonymous_0)","decl":{"start":{"line":4,"column":1},"end":{"line":4,"column":2}},"loc":{"start":{"line":4,"column":10},"end":{"line":6,"column":2}},"line":4},"1":{"name":"(anonymous_1)","decl":{"start":{"line":8,"column":1},"end":{"line":8,"column":2}},"loc":{"start":{"line":8,"column":12},"end":{"line":14,"column":2}},"line":8}},"branchMap":{"0":{"loc":{"start":{"line":9,"column":2},"end":{"line":10,"column":35}},"type":"if","locations":[{"start":{"line":9,"column":2},"end":{"line":10,"column":35}},{"start":{"line":9,"column":2},"end":{"line":10,"column":35}}],"line":9},"1":{"loc":{"start":{"line":11,"column":2},"end":{"line":12,"column":57}},"type":"if","locations":[{"start":{"line":11,"column":2},"end":{"line":12,"column":57}},{"start":{"line":11,"column":2},"end":{"line":12,"column":57}}],"line":11}},"s":{"0":0,"1":0,"2":0,"3":0,"4":0,"5":0},"f":{"0":0,"1":0},"b":{"0":[0,0],"1":[0,0]},"_coverageSchema":"332fd63041d2c1bcb487cc26dd0d5f7d97098a6c","hash":"309e46ad98009ec155b99f01b3bf886d25e88cc6"}
,"/work/modulbank.kassa/Modulbank.Kassa/source/js/common/formElements/validationHelpers/IFocusableElement.js": {"path":"/work/modulbank.kassa/Modulbank.Kassa/source/js/common/formElements/validationHelpers/IFocusableElement.js","statementMap":{"0":{"start":{"line":6,"column":2},"end":{"line":6,"column":57}},"1":{"start":{"line":10,"column":2},"end":{"line":10,"column":61}}},"fnMap":{"0":{"name":"(anonymous_0)","decl":{"start":{"line":5,"column":1},"end":{"line":5,"column":2}},"loc":{"start":{"line":5,"column":10},"end":{"line":7,"column":2}},"line":5},"1":{"name":"(anonymous_1)","decl":{"start":{"line":9,"column":1},"end":{"line":9,"column":2}},"loc":{"start":{"line":9,"column":12},"end":{"line":11,"column":2}},"line":9},"2":{"name":"(anonymous_2)","decl":{"start":{"line":13,"column":1},"end":{"line":13,"column":2}},"loc":{"start":{"line":13,"column":11},"end":{"line":15,"column":2}},"line":13}},"branchMap":{},"s":{"0":0,"1":0},"f":{"0":0,"1":0,"2":0},"b":{},"_coverageSchema":"332fd63041d2c1bcb487cc26dd0d5f7d97098a6c","hash":"dcdca724464713311e72a1e9ca35f4afde18572b"}
,"/work/modulbank.kassa/Modulbank.Kassa/source/js/common/formElements/validationHelpers/InputFocusable.js": {"path":"/work/modulbank.kassa/Modulbank.Kassa/source/js/common/formElements/validationHelpers/InputFocusable.js","statementMap":{"0":{"start":{"line":8,"column":2},"end":{"line":8,"column":27}},"1":{"start":{"line":12,"column":2},"end":{"line":13,"column":35}},"2":{"start":{"line":13,"column":3},"end":{"line":13,"column":35}},"3":{"start":{"line":14,"column":2},"end":{"line":15,"column":54}},"4":{"start":{"line":15,"column":3},"end":{"line":15,"column":54}},"5":{"start":{"line":16,"column":2},"end":{"line":16,"column":30}}},"fnMap":{"0":{"name":"(anonymous_0)","decl":{"start":{"line":7,"column":1},"end":{"line":7,"column":2}},"loc":{"start":{"line":7,"column":10},"end":{"line":9,"column":2}},"line":7},"1":{"name":"(anonymous_1)","decl":{"start":{"line":11,"column":1},"end":{"line":11,"column":2}},"loc":{"start":{"line":11,"column":12},"end":{"line":17,"column":2}},"line":11}},"branchMap":{"0":{"loc":{"start":{"line":12,"column":2},"end":{"line":13,"column":35}},"type":"if","locations":[{"start":{"line":12,"column":2},"end":{"line":13,"column":35}},{"start":{"line":12,"column":2},"end":{"line":13,"column":35}}],"line":12},"1":{"loc":{"start":{"line":14,"column":2},"end":{"line":15,"column":54}},"type":"if","locations":[{"start":{"line":14,"column":2},"end":{"line":15,"column":54}},{"start":{"line":14,"column":2},"end":{"line":15,"column":54}}],"line":14}},"s":{"0":0,"1":0,"2":0,"3":0,"4":0,"5":0},"f":{"0":0,"1":0},"b":{"0":[0,0],"1":[0,0]},"_coverageSchema":"332fd63041d2c1bcb487cc26dd0d5f7d97098a6c","hash":"ee6fd142c735407d95d0e0ab5ddbd2c29f99965a"}
,"/work/modulbank.kassa/Modulbank.Kassa/source/js/common/formElements/validationHelpers/formFieldHelpers.js": {"path":"/work/modulbank.kassa/Modulbank.Kassa/source/js/common/formElements/validationHelpers/formFieldHelpers.js","statementMap":{"0":{"start":{"line":3,"column":27},"end":{"line":5,"column":1}},"1":{"start":{"line":4,"column":1},"end":{"line":4,"column":39}},"2":{"start":{"line":16,"column":31},"end":{"line":18,"column":1}},"3":{"start":{"line":17,"column":1},"end":{"line":17,"column":66}},"4":{"start":{"line":28,"column":33},"end":{"line":30,"column":1}},"5":{"start":{"line":29,"column":1},"end":{"line":29,"column":48}},"6":{"start":{"line":35,"column":31},"end":{"line":37,"column":1}},"7":{"start":{"line":36,"column":1},"end":{"line":36,"column":58}},"8":{"start":{"line":39,"column":28},"end":{"line":41,"column":1}},"9":{"start":{"line":40,"column":1},"end":{"line":40,"column":72}},"10":{"start":{"line":43,"column":36},"end":{"line":45,"column":1}},"11":{"start":{"line":44,"column":1},"end":{"line":44,"column":67}}},"fnMap":{"0":{"name":"(anonymous_0)","decl":{"start":{"line":3,"column":27},"end":{"line":3,"column":28}},"loc":{"start":{"line":3,"column":66},"end":{"line":5,"column":1}},"line":3},"1":{"name":"(anonymous_1)","decl":{"start":{"line":16,"column":31},"end":{"line":16,"column":32}},"loc":{"start":{"line":16,"column":82},"end":{"line":18,"column":1}},"line":16},"2":{"name":"(anonymous_2)","decl":{"start":{"line":28,"column":33},"end":{"line":28,"column":34}},"loc":{"start":{"line":28,"column":70},"end":{"line":30,"column":1}},"line":28},"3":{"name":"(anonymous_3)","decl":{"start":{"line":35,"column":31},"end":{"line":35,"column":32}},"loc":{"start":{"line":35,"column":67},"end":{"line":37,"column":1}},"line":35},"4":{"name":"(anonymous_4)","decl":{"start":{"line":39,"column":28},"end":{"line":39,"column":29}},"loc":{"start":{"line":39,"column":34},"end":{"line":41,"column":1}},"line":39},"5":{"name":"(anonymous_5)","decl":{"start":{"line":43,"column":36},"end":{"line":43,"column":37}},"loc":{"start":{"line":43,"column":85},"end":{"line":45,"column":1}},"line":43}},"branchMap":{"0":{"loc":{"start":{"line":3,"column":46},"end":{"line":3,"column":61}},"type":"default-arg","locations":[{"start":{"line":3,"column":59},"end":{"line":3,"column":61}}],"line":3},"1":{"loc":{"start":{"line":4,"column":8},"end":{"line":4,"column":38}},"type":"cond-expr","locations":[{"start":{"line":4,"column":20},"end":{"line":4,"column":25}},{"start":{"line":4,"column":28},"end":{"line":4,"column":38}}],"line":4},"2":{"loc":{"start":{"line":17,"column":8},"end":{"line":17,"column":65}},"type":"binary-expr","locations":[{"start":{"line":17,"column":9},"end":{"line":17,"column":15}},{"start":{"line":17,"column":19},"end":{"line":17,"column":24}},{"start":{"line":17,"column":30},"end":{"line":17,"column":37}},{"start":{"line":17,"column":41},"end":{"line":17,"column":53}},{"start":{"line":17,"column":58},"end":{"line":17,"column":65}}],"line":17},"3":{"loc":{"start":{"line":29,"column":8},"end":{"line":29,"column":47}},"type":"binary-expr","locations":[{"start":{"line":29,"column":9},"end":{"line":29,"column":14}},{"start":{"line":29,"column":18},"end":{"line":29,"column":24}},{"start":{"line":29,"column":29},"end":{"line":29,"column":36}},{"start":{"line":29,"column":40},"end":{"line":29,"column":47}}],"line":29},"4":{"loc":{"start":{"line":36,"column":8},"end":{"line":36,"column":57}},"type":"cond-expr","locations":[{"start":{"line":36,"column":45},"end":{"line":36,"column":50}},{"start":{"line":36,"column":53},"end":{"line":36,"column":57}}],"line":36},"5":{"loc":{"start":{"line":36,"column":8},"end":{"line":36,"column":42}},"type":"binary-expr","locations":[{"start":{"line":36,"column":8},"end":{"line":36,"column":13}},{"start":{"line":36,"column":18},"end":{"line":36,"column":30}},{"start":{"line":36,"column":34},"end":{"line":36,"column":41}}],"line":36},"6":{"loc":{"start":{"line":43,"column":38},"end":{"line":43,"column":54}},"type":"default-arg","locations":[{"start":{"line":43,"column":49},"end":{"line":43,"column":54}}],"line":43},"7":{"loc":{"start":{"line":43,"column":56},"end":{"line":43,"column":79}},"type":"default-arg","locations":[{"start":{"line":43,"column":74},"end":{"line":43,"column":79}}],"line":43},"8":{"loc":{"start":{"line":44,"column":8},"end":{"line":44,"column":66}},"type":"cond-expr","locations":[{"start":{"line":44,"column":39},"end":{"line":44,"column":61}},{"start":{"line":44,"column":64},"end":{"line":44,"column":66}}],"line":44},"9":{"loc":{"start":{"line":44,"column":8},"end":{"line":44,"column":36}},"type":"binary-expr","locations":[{"start":{"line":44,"column":8},"end":{"line":44,"column":16}},{"start":{"line":44,"column":20},"end":{"line":44,"column":36}}],"line":44}},"s":{"0":1,"1":0,"2":1,"3":0,"4":1,"5":0,"6":1,"7":0,"8":1,"9":0,"10":1,"11":0},"f":{"0":0,"1":0,"2":0,"3":0,"4":0,"5":0},"b":{"0":[0],"1":[0,0],"2":[0,0,0,0,0],"3":[0,0,0,0],"4":[0,0],"5":[0,0,0],"6":[0],"7":[0],"8":[0,0],"9":[0,0]},"_coverageSchema":"332fd63041d2c1bcb487cc26dd0d5f7d97098a6c","hash":"c63316ac696e1ac4d6d79206f7e4c99b3660527e"}
,"/work/modulbank.kassa/Modulbank.Kassa/source/js/common/formElements/validationHelpers/index.js": {"path":"/work/modulbank.kassa/Modulbank.Kassa/source/js/common/formElements/validationHelpers/index.js","statementMap":{},"fnMap":{},"branchMap":{},"s":{},"f":{},"b":{},"_coverageSchema":"332fd63041d2c1bcb487cc26dd0d5f7d97098a6c","hash":"7f796043f91a2236dec7e5a6b929c4bc51ca65f5"}
,"/work/modulbank.kassa/Modulbank.Kassa/source/js/common/formElements/validationHelpers/radValidateHoc.js": {"path":"/work/modulbank.kassa/Modulbank.Kassa/source/js/common/formElements/validationHelpers/radValidateHoc.js","statementMap":{"0":{"start":{"line":18,"column":1},"end":{"line":123,"column":2}},"1":{"start":{"line":22,"column":4},"end":{"line":22,"column":26}},"2":{"start":{"line":23,"column":4},"end":{"line":23,"column":38}},"3":{"start":{"line":24,"column":4},"end":{"line":24,"column":51}},"4":{"start":{"line":28,"column":4},"end":{"line":31,"column":6}},"5":{"start":{"line":35,"column":50},"end":{"line":35,"column":60}},"6":{"start":{"line":36,"column":40},"end":{"line":36,"column":49}},"7":{"start":{"line":38,"column":4},"end":{"line":46,"column":5}},"8":{"start":{"line":39,"column":5},"end":{"line":45,"column":11}},"9":{"start":{"line":40,"column":6},"end":{"line":44,"column":7}},"10":{"start":{"line":41,"column":7},"end":{"line":42,"column":72}},"11":{"start":{"line":42,"column":8},"end":{"line":42,"column":72}},"12":{"start":{"line":43,"column":7},"end":{"line":43,"column":43}},"13":{"start":{"line":51,"column":27},"end":{"line":51,"column":37}},"14":{"start":{"line":52,"column":4},"end":{"line":56,"column":34}},"15":{"start":{"line":60,"column":26},"end":{"line":60,"column":36}},"16":{"start":{"line":61,"column":4},"end":{"line":61,"column":17}},"17":{"start":{"line":65,"column":49},"end":{"line":65,"column":59}},"18":{"start":{"line":66,"column":4},"end":{"line":66,"column":46}},"19":{"start":{"line":70,"column":17},"end":{"line":70,"column":21}},"20":{"start":{"line":71,"column":4},"end":{"line":82,"column":5}},"21":{"start":{"line":88,"column":6},"end":{"line":88,"column":16}},"22":{"start":{"line":90,"column":20},"end":{"line":90,"column":70}},"23":{"start":{"line":92,"column":27},"end":{"line":92,"column":89}},"24":{"start":{"line":93,"column":29},"end":{"line":93,"column":79}},"25":{"start":{"line":94,"column":32},"end":{"line":94,"column":115}},"26":{"start":{"line":96,"column":22},"end":{"line":102,"column":5}},"27":{"start":{"line":104,"column":4},"end":{"line":117,"column":5}},"28":{"start":{"line":105,"column":30},"end":{"line":105,"column":53}},"29":{"start":{"line":106,"column":5},"end":{"line":113,"column":6}},"30":{"start":{"line":108,"column":43},"end":{"line":108,"column":69}},"31":{"start":{"line":115,"column":5},"end":{"line":116,"column":35}},"32":{"start":{"line":115,"column":48},"end":{"line":115,"column":74}},"33":{"start":{"line":122,"column":2},"end":{"line":122,"column":28}}},"fnMap":{"0":{"name":"radValidate","decl":{"start":{"line":17,"column":9},"end":{"line":17,"column":20}},"loc":{"start":{"line":17,"column":79},"end":{"line":124,"column":1}},"line":17},"1":{"name":"(anonymous_1)","decl":{"start":{"line":18,"column":8},"end":{"line":18,"column":9}},"loc":{"start":{"line":18,"column":30},"end":{"line":123,"column":2}},"line":18},"2":{"name":"(anonymous_2)","decl":{"start":{"line":21,"column":3},"end":{"line":21,"column":4}},"loc":{"start":{"line":21,"column":31},"end":{"line":25,"column":4}},"line":21},"3":{"name":"(anonymous_3)","decl":{"start":{"line":27,"column":3},"end":{"line":27,"column":4}},"loc":{"start":{"line":27,"column":33},"end":{"line":32,"column":4}},"line":27},"4":{"name":"(anonymous_4)","decl":{"start":{"line":34,"column":3},"end":{"line":34,"column":4}},"loc":{"start":{"line":34,"column":33},"end":{"line":47,"column":4}},"line":34},"5":{"name":"(anonymous_5)","decl":{"start":{"line":39,"column":16},"end":{"line":39,"column":17}},"loc":{"start":{"line":39,"column":22},"end":{"line":45,"column":6}},"line":39},"6":{"name":"(anonymous_6)","decl":{"start":{"line":50,"column":3},"end":{"line":50,"column":4}},"loc":{"start":{"line":50,"column":13},"end":{"line":57,"column":4}},"line":50},"7":{"name":"(anonymous_7)","decl":{"start":{"line":59,"column":3},"end":{"line":59,"column":4}},"loc":{"start":{"line":59,"column":14},"end":{"line":62,"column":4}},"line":59},"8":{"name":"(anonymous_8)","decl":{"start":{"line":64,"column":3},"end":{"line":64,"column":4}},"loc":{"start":{"line":64,"column":22},"end":{"line":67,"column":4}},"line":64},"9":{"name":"(anonymous_9)","decl":{"start":{"line":69,"column":3},"end":{"line":69,"column":4}},"loc":{"start":{"line":69,"column":21},"end":{"line":83,"column":4}},"line":69},"10":{"name":"(anonymous_10)","decl":{"start":{"line":85,"column":3},"end":{"line":85,"column":4}},"loc":{"start":{"line":85,"column":12},"end":{"line":119,"column":4}},"line":85},"11":{"name":"(anonymous_11)","decl":{"start":{"line":108,"column":30},"end":{"line":108,"column":31}},"loc":{"start":{"line":108,"column":43},"end":{"line":108,"column":69}},"line":108},"12":{"name":"(anonymous_12)","decl":{"start":{"line":115,"column":35},"end":{"line":115,"column":36}},"loc":{"start":{"line":115,"column":48},"end":{"line":115,"column":74}},"line":115}},"branchMap":{"0":{"loc":{"start":{"line":17,"column":21},"end":{"line":17,"column":77}},"type":"default-arg","locations":[{"start":{"line":17,"column":43},"end":{"line":17,"column":77}}],"line":17},"1":{"loc":{"start":{"line":38,"column":4},"end":{"line":46,"column":5}},"type":"if","locations":[{"start":{"line":38,"column":4},"end":{"line":46,"column":5}},{"start":{"line":38,"column":4},"end":{"line":46,"column":5}}],"line":38},"2":{"loc":{"start":{"line":38,"column":8},"end":{"line":38,"column":53}},"type":"binary-expr","locations":[{"start":{"line":38,"column":8},"end":{"line":38,"column":20}},{"start":{"line":38,"column":24},"end":{"line":38,"column":29}},{"start":{"line":38,"column":33},"end":{"line":38,"column":43}},{"start":{"line":38,"column":47},"end":{"line":38,"column":53}}],"line":38},"3":{"loc":{"start":{"line":40,"column":6},"end":{"line":44,"column":7}},"type":"if","locations":[{"start":{"line":40,"column":6},"end":{"line":44,"column":7}},{"start":{"line":40,"column":6},"end":{"line":44,"column":7}}],"line":40},"4":{"loc":{"start":{"line":41,"column":7},"end":{"line":42,"column":72}},"type":"if","locations":[{"start":{"line":41,"column":7},"end":{"line":42,"column":72}},{"start":{"line":41,"column":7},"end":{"line":42,"column":72}}],"line":41},"5":{"loc":{"start":{"line":52,"column":11},"end":{"line":56,"column":33}},"type":"binary-expr","locations":[{"start":{"line":52,"column":11},"end":{"line":52,"column":17}},{"start":{"line":54,"column":6},"end":{"line":54,"column":20}},{"start":{"line":55,"column":8},"end":{"line":55,"column":30}},{"start":{"line":56,"column":8},"end":{"line":56,"column":32}}],"line":52},"6":{"loc":{"start":{"line":66,"column":11},"end":{"line":66,"column":45}},"type":"binary-expr","locations":[{"start":{"line":66,"column":11},"end":{"line":66,"column":16}},{"start":{"line":66,"column":21},"end":{"line":66,"column":33}},{"start":{"line":66,"column":37},"end":{"line":66,"column":44}}],"line":66},"7":{"loc":{"start":{"line":78,"column":12},"end":{"line":78,"column":42}},"type":"binary-expr","locations":[{"start":{"line":78,"column":12},"end":{"line":78,"column":31}},{"start":{"line":78,"column":35},"end":{"line":78,"column":42}}],"line":78},"8":{"loc":{"start":{"line":87,"column":92},"end":{"line":87,"column":113}},"type":"default-arg","locations":[{"start":{"line":87,"column":111},"end":{"line":87,"column":113}}],"line":87},"9":{"loc":{"start":{"line":104,"column":4},"end":{"line":117,"column":5}},"type":"if","locations":[{"start":{"line":104,"column":4},"end":{"line":117,"column":5}},{"start":{"line":104,"column":4},"end":{"line":117,"column":5}}],"line":104},"10":{"loc":{"start":{"line":104,"column":8},"end":{"line":104,"column":25}},"type":"binary-expr","locations":[{"start":{"line":104,"column":8},"end":{"line":104,"column":12}},{"start":{"line":104,"column":16},"end":{"line":104,"column":25}}],"line":104},"11":{"loc":{"start":{"line":110,"column":8},"end":{"line":111,"column":70}},"type":"binary-expr","locations":[{"start":{"line":110,"column":8},"end":{"line":110,"column":24}},{"start":{"line":111,"column":7},"end":{"line":111,"column":70}}],"line":110}},"s":{"0":7,"1":0,"2":0,"3":0,"4":0,"5":0,"6":0,"7":0,"8":0,"9":0,"10":0,"11":0,"12":0,"13":0,"14":0,"15":0,"16":0,"17":0,"18":0,"19":0,"20":0,"21":0,"22":0,"23":0,"24":0,"25":0,"26":0,"27":0,"28":0,"29":0,"30":0,"31":0,"32":0,"33":7},"f":{"0":7,"1":7,"2":0,"3":0,"4":0,"5":0,"6":0,"7":0,"8":0,"9":0,"10":0,"11":0,"12":0},"b":{"0":[0],"1":[0,0],"2":[0,0,0,0],"3":[0,0],"4":[0,0],"5":[0,0,0,0],"6":[0,0,0],"7":[0,0],"8":[0],"9":[0,0],"10":[0,0],"11":[0,0]},"_coverageSchema":"332fd63041d2c1bcb487cc26dd0d5f7d97098a6c","hash":"5b52f6e19e3c8b9d8f6df166cd64729561412513"}
,"/work/modulbank.kassa/Modulbank.Kassa/source/js/common/helpers/dateHelper.js": {"path":"/work/modulbank.kassa/Modulbank.Kassa/source/js/common/helpers/dateHelper.js","statementMap":{"0":{"start":{"line":1,"column":17},"end":{"line":4,"column":1}},"1":{"start":{"line":2,"column":1},"end":{"line":2,"column":70}},"2":{"start":{"line":2,"column":58},"end":{"line":2,"column":70}},"3":{"start":{"line":3,"column":1},"end":{"line":3,"column":13}},"4":{"start":{"line":6,"column":17},"end":{"line":8,"column":1}},"5":{"start":{"line":7,"column":1},"end":{"line":7,"column":108}},"6":{"start":{"line":54,"column":2},"end":{"line":54,"column":149}},"7":{"start":{"line":58,"column":2},"end":{"line":58,"column":149}},"8":{"start":{"line":62,"column":16},"end":{"line":62,"column":58}},"9":{"start":{"line":63,"column":2},"end":{"line":65,"column":3}},"10":{"start":{"line":64,"column":3},"end":{"line":64,"column":34}},"11":{"start":{"line":66,"column":2},"end":{"line":66,"column":17}},"12":{"start":{"line":70,"column":18},"end":{"line":70,"column":110}},"13":{"start":{"line":71,"column":2},"end":{"line":73,"column":3}},"14":{"start":{"line":72,"column":3},"end":{"line":72,"column":36}},"15":{"start":{"line":74,"column":2},"end":{"line":74,"column":19}},"16":{"start":{"line":78,"column":12},"end":{"line":78,"column":16}},"17":{"start":{"line":79,"column":14},"end":{"line":79,"column":72}},"18":{"start":{"line":80,"column":14},"end":{"line":80,"column":41}},"19":{"start":{"line":81,"column":2},"end":{"line":81,"column":58}},"20":{"start":{"line":82,"column":13},"end":{"line":82,"column":28}},"21":{"start":{"line":83,"column":2},"end":{"line":83,"column":35}},"22":{"start":{"line":85,"column":2},"end":{"line":88,"column":3}},"23":{"start":{"line":92,"column":12},"end":{"line":92,"column":16}},"24":{"start":{"line":93,"column":14},"end":{"line":93,"column":72}},"25":{"start":{"line":94,"column":14},"end":{"line":94,"column":41}},"26":{"start":{"line":95,"column":2},"end":{"line":95,"column":62}},"27":{"start":{"line":96,"column":13},"end":{"line":96,"column":28}},"28":{"start":{"line":97,"column":2},"end":{"line":97,"column":35}},"29":{"start":{"line":99,"column":2},"end":{"line":102,"column":3}},"30":{"start":{"line":106,"column":12},"end":{"line":106,"column":16}},"31":{"start":{"line":107,"column":14},"end":{"line":107,"column":60}},"32":{"start":{"line":108,"column":13},"end":{"line":108,"column":79}},"33":{"start":{"line":110,"column":2},"end":{"line":113,"column":3}},"34":{"start":{"line":117,"column":12},"end":{"line":117,"column":16}},"35":{"start":{"line":118,"column":14},"end":{"line":118,"column":64}},"36":{"start":{"line":119,"column":32},"end":{"line":119,"column":82}},"37":{"start":{"line":120,"column":13},"end":{"line":120,"column":103}},"38":{"start":{"line":122,"column":2},"end":{"line":125,"column":3}},"39":{"start":{"line":129,"column":12},"end":{"line":129,"column":16}},"40":{"start":{"line":130,"column":11},"end":{"line":130,"column":13}},"41":{"start":{"line":131,"column":10},"end":{"line":131,"column":12}},"42":{"start":{"line":133,"column":2},"end":{"line":158,"column":3}},"43":{"start":{"line":137,"column":4},"end":{"line":137,"column":46}},"44":{"start":{"line":138,"column":4},"end":{"line":138,"column":46}},"45":{"start":{"line":139,"column":4},"end":{"line":139,"column":10}},"46":{"start":{"line":143,"column":4},"end":{"line":143,"column":46}},"47":{"start":{"line":144,"column":4},"end":{"line":144,"column":46}},"48":{"start":{"line":145,"column":4},"end":{"line":145,"column":10}},"49":{"start":{"line":149,"column":4},"end":{"line":149,"column":46}},"50":{"start":{"line":150,"column":4},"end":{"line":150,"column":46}},"51":{"start":{"line":151,"column":4},"end":{"line":151,"column":10}},"52":{"start":{"line":155,"column":4},"end":{"line":155,"column":46}},"53":{"start":{"line":156,"column":4},"end":{"line":156,"column":47}},"54":{"start":{"line":157,"column":4},"end":{"line":157,"column":10}},"55":{"start":{"line":160,"column":2},"end":{"line":163,"column":3}},"56":{"start":{"line":167,"column":12},"end":{"line":167,"column":16}},"57":{"start":{"line":168,"column":14},"end":{"line":168,"column":72}},"58":{"start":{"line":169,"column":2},"end":{"line":169,"column":38}},"59":{"start":{"line":170,"column":13},"end":{"line":170,"column":71}},"60":{"start":{"line":172,"column":2},"end":{"line":175,"column":3}},"61":{"start":{"line":179,"column":14},"end":{"line":179,"column":57}},"62":{"start":{"line":180,"column":13},"end":{"line":180,"column":54}},"63":{"start":{"line":181,"column":2},"end":{"line":184,"column":3}},"64":{"start":{"line":188,"column":13},"end":{"line":188,"column":23}},"65":{"start":{"line":189,"column":2},"end":{"line":189,"column":33}},"66":{"start":{"line":190,"column":2},"end":{"line":190,"column":56}},"67":{"start":{"line":194,"column":12},"end":{"line":194,"column":16}},"68":{"start":{"line":195,"column":14},"end":{"line":195,"column":47}},"69":{"start":{"line":196,"column":13},"end":{"line":196,"column":48}},"70":{"start":{"line":198,"column":2},"end":{"line":201,"column":3}},"71":{"start":{"line":206,"column":11},"end":{"line":206,"column":35}},"72":{"start":{"line":207,"column":3},"end":{"line":207,"column":26}},"73":{"start":{"line":208,"column":3},"end":{"line":208,"column":12}},"74":{"start":{"line":211,"column":15},"end":{"line":211,"column":36}},"75":{"start":{"line":212,"column":15},"end":{"line":212,"column":36}},"76":{"start":{"line":214,"column":17},"end":{"line":214,"column":78}},"77":{"start":{"line":215,"column":2},"end":{"line":215,"column":28}},"78":{"start":{"line":219,"column":2},"end":{"line":219,"column":68}},"79":{"start":{"line":223,"column":2},"end":{"line":223,"column":44}},"80":{"start":{"line":227,"column":2},"end":{"line":237,"column":3}},"81":{"start":{"line":228,"column":3},"end":{"line":233,"column":4}},"82":{"start":{"line":229,"column":4},"end":{"line":229,"column":17}},"83":{"start":{"line":232,"column":4},"end":{"line":232,"column":16}},"84":{"start":{"line":236,"column":3},"end":{"line":236,"column":16}},"85":{"start":{"line":241,"column":2},"end":{"line":241,"column":19}},"86":{"start":{"line":242,"column":2},"end":{"line":242,"column":21}},"87":{"start":{"line":243,"column":2},"end":{"line":243,"column":21}},"88":{"start":{"line":244,"column":2},"end":{"line":244,"column":14}},"89":{"start":{"line":248,"column":2},"end":{"line":248,"column":20}},"90":{"start":{"line":249,"column":2},"end":{"line":249,"column":22}},"91":{"start":{"line":250,"column":2},"end":{"line":250,"column":22}},"92":{"start":{"line":251,"column":2},"end":{"line":251,"column":14}},"93":{"start":{"line":256,"column":15},"end":{"line":256,"column":17}},"94":{"start":{"line":257,"column":14},"end":{"line":257,"column":115}},"95":{"start":{"line":258,"column":14},"end":{"line":258,"column":148}},"96":{"start":{"line":259,"column":18},"end":{"line":259,"column":31}},"97":{"start":{"line":260,"column":9},"end":{"line":265,"column":4}},"98":{"start":{"line":261,"column":4},"end":{"line":261,"column":22}},"99":{"start":{"line":262,"column":4},"end":{"line":262,"column":19}},"100":{"start":{"line":263,"column":4},"end":{"line":263,"column":45}},"101":{"start":{"line":263,"column":29},"end":{"line":263,"column":45}},"102":{"start":{"line":264,"column":4},"end":{"line":264,"column":15}},"103":{"start":{"line":268,"column":2},"end":{"line":271,"column":3}},"104":{"start":{"line":269,"column":3},"end":{"line":269,"column":15}},"105":{"start":{"line":270,"column":3},"end":{"line":270,"column":20}},"106":{"start":{"line":274,"column":2},"end":{"line":274,"column":44}},"107":{"start":{"line":275,"column":2},"end":{"line":275,"column":53}},"108":{"start":{"line":275,"column":19},"end":{"line":275,"column":53}},"109":{"start":{"line":277,"column":2},"end":{"line":277,"column":71}},"110":{"start":{"line":280,"column":12},"end":{"line":280,"column":17}},"111":{"start":{"line":281,"column":2},"end":{"line":284,"column":3}},"112":{"start":{"line":282,"column":3},"end":{"line":282,"column":24}},"113":{"start":{"line":283,"column":3},"end":{"line":283,"column":14}},"114":{"start":{"line":286,"column":12},"end":{"line":286,"column":50}},"115":{"start":{"line":287,"column":20},"end":{"line":287,"column":37}},"116":{"start":{"line":288,"column":18},"end":{"line":288,"column":32}},"117":{"start":{"line":289,"column":17},"end":{"line":289,"column":30}},"118":{"start":{"line":290,"column":15},"end":{"line":290,"column":53}},"119":{"start":{"line":292,"column":17},"end":{"line":292,"column":44}},"120":{"start":{"line":295,"column":10},"end":{"line":295,"column":32}},"121":{"start":{"line":296,"column":7},"end":{"line":296,"column":25}},"122":{"start":{"line":297,"column":7},"end":{"line":297,"column":24}},"123":{"start":{"line":298,"column":7},"end":{"line":298,"column":26}},"124":{"start":{"line":299,"column":7},"end":{"line":299,"column":29}},"125":{"start":{"line":300,"column":19},"end":{"line":300,"column":35}},"126":{"start":{"line":301,"column":20},"end":{"line":301,"column":61}},"127":{"start":{"line":302,"column":18},"end":{"line":302,"column":81}},"128":{"start":{"line":303,"column":7},"end":{"line":303,"column":26}},"129":{"start":{"line":304,"column":7},"end":{"line":304,"column":28}},"130":{"start":{"line":305,"column":7},"end":{"line":305,"column":28}},"131":{"start":{"line":306,"column":7},"end":{"line":306,"column":33}},"132":{"start":{"line":307,"column":7},"end":{"line":307,"column":41}},"133":{"start":{"line":308,"column":11},"end":{"line":344,"column":4}},"134":{"start":{"line":349,"column":2},"end":{"line":361,"column":3}},"135":{"start":{"line":350,"column":3},"end":{"line":350,"column":58}},"136":{"start":{"line":351,"column":3},"end":{"line":351,"column":108}},"137":{"start":{"line":352,"column":3},"end":{"line":354,"column":4}},"138":{"start":{"line":353,"column":4},"end":{"line":353,"column":46}},"139":{"start":{"line":355,"column":3},"end":{"line":357,"column":4}},"140":{"start":{"line":356,"column":4},"end":{"line":356,"column":18}},"141":{"start":{"line":358,"column":3},"end":{"line":360,"column":4}},"142":{"start":{"line":359,"column":4},"end":{"line":359,"column":32}},"143":{"start":{"line":363,"column":2},"end":{"line":375,"column":3}},"144":{"start":{"line":364,"column":3},"end":{"line":364,"column":58}},"145":{"start":{"line":365,"column":3},"end":{"line":365,"column":97}},"146":{"start":{"line":366,"column":3},"end":{"line":368,"column":4}},"147":{"start":{"line":367,"column":4},"end":{"line":367,"column":75}},"148":{"start":{"line":369,"column":3},"end":{"line":371,"column":4}},"149":{"start":{"line":370,"column":4},"end":{"line":370,"column":46}},"150":{"start":{"line":372,"column":3},"end":{"line":374,"column":4}},"151":{"start":{"line":373,"column":4},"end":{"line":373,"column":50}},"152":{"start":{"line":377,"column":2},"end":{"line":391,"column":3}},"153":{"start":{"line":378,"column":3},"end":{"line":378,"column":26}},"154":{"start":{"line":380,"column":3},"end":{"line":382,"column":4}},"155":{"start":{"line":381,"column":4},"end":{"line":381,"column":23}},"156":{"start":{"line":383,"column":3},"end":{"line":386,"column":4}},"157":{"start":{"line":384,"column":4},"end":{"line":384,"column":55}},"158":{"start":{"line":385,"column":4},"end":{"line":385,"column":19}},"159":{"start":{"line":387,"column":3},"end":{"line":390,"column":4}},"160":{"start":{"line":388,"column":4},"end":{"line":388,"column":59}},"161":{"start":{"line":389,"column":4},"end":{"line":389,"column":19}},"162":{"start":{"line":393,"column":2},"end":{"line":407,"column":3}},"163":{"start":{"line":394,"column":3},"end":{"line":394,"column":26}},"164":{"start":{"line":396,"column":3},"end":{"line":398,"column":4}},"165":{"start":{"line":397,"column":4},"end":{"line":397,"column":30}},"166":{"start":{"line":399,"column":3},"end":{"line":402,"column":4}},"167":{"start":{"line":400,"column":4},"end":{"line":400,"column":55}},"168":{"start":{"line":401,"column":4},"end":{"line":401,"column":19}},"169":{"start":{"line":403,"column":3},"end":{"line":406,"column":4}},"170":{"start":{"line":404,"column":4},"end":{"line":404,"column":59}},"171":{"start":{"line":405,"column":4},"end":{"line":405,"column":19}},"172":{"start":{"line":409,"column":19},"end":{"line":411,"column":4}},"173":{"start":{"line":410,"column":3},"end":{"line":410,"column":63}},"174":{"start":{"line":413,"column":2},"end":{"line":413,"column":29}},"175":{"start":{"line":417,"column":2},"end":{"line":419,"column":3}},"176":{"start":{"line":418,"column":3},"end":{"line":418,"column":20}},"177":{"start":{"line":421,"column":15},"end":{"line":421,"column":78}},"178":{"start":{"line":423,"column":13},"end":{"line":423,"column":26}},"179":{"start":{"line":424,"column":11},"end":{"line":424,"column":34}},"180":{"start":{"line":425,"column":2},"end":{"line":427,"column":3}},"181":{"start":{"line":426,"column":3},"end":{"line":426,"column":201}},"182":{"start":{"line":428,"column":2},"end":{"line":428,"column":14}},"183":{"start":{"line":433,"column":2},"end":{"line":433,"column":74}},"184":{"start":{"line":437,"column":13},"end":{"line":437,"column":17}},"185":{"start":{"line":437,"column":60},"end":{"line":437,"column":65}},"186":{"start":{"line":437,"column":79},"end":{"line":437,"column":84}},"187":{"start":{"line":439,"column":9},"end":{"line":439,"column":82}},"188":{"start":{"line":440,"column":20},"end":{"line":443,"column":3}},"189":{"start":{"line":442,"column":45},"end":{"line":442,"column":62}},"190":{"start":{"line":445,"column":2},"end":{"line":447,"column":3}},"191":{"start":{"line":446,"column":3},"end":{"line":446,"column":20}},"192":{"start":{"line":448,"column":2},"end":{"line":450,"column":3}},"193":{"start":{"line":449,"column":3},"end":{"line":449,"column":16}},"194":{"start":{"line":451,"column":2},"end":{"line":453,"column":3}},"195":{"start":{"line":452,"column":3},"end":{"line":452,"column":26}},"196":{"start":{"line":454,"column":2},"end":{"line":457,"column":3}},"197":{"start":{"line":455,"column":3},"end":{"line":455,"column":23}},"198":{"start":{"line":456,"column":3},"end":{"line":456,"column":41}},"199":{"start":{"line":458,"column":2},"end":{"line":460,"column":3}},"200":{"start":{"line":459,"column":3},"end":{"line":459,"column":13}},"201":{"start":{"line":461,"column":2},"end":{"line":461,"column":48}},"202":{"start":{"line":462,"column":2},"end":{"line":464,"column":3}},"203":{"start":{"line":463,"column":3},"end":{"line":463,"column":54}},"204":{"start":{"line":465,"column":2},"end":{"line":465,"column":64}},"205":{"start":{"line":466,"column":2},"end":{"line":545,"column":3}},"206":{"start":{"line":467,"column":3},"end":{"line":467,"column":29}},"207":{"start":{"line":468,"column":3},"end":{"line":468,"column":35}},"208":{"start":{"line":469,"column":3},"end":{"line":544,"column":4}},"209":{"start":{"line":472,"column":5},"end":{"line":472,"column":28}},"210":{"start":{"line":473,"column":5},"end":{"line":477,"column":6}},"211":{"start":{"line":474,"column":6},"end":{"line":474,"column":70}},"212":{"start":{"line":475,"column":12},"end":{"line":477,"column":6}},"213":{"start":{"line":476,"column":6},"end":{"line":476,"column":27}},"214":{"start":{"line":478,"column":5},"end":{"line":478,"column":22}},"215":{"start":{"line":479,"column":5},"end":{"line":479,"column":11}},"216":{"start":{"line":484,"column":5},"end":{"line":497,"column":6}},"217":{"start":{"line":485,"column":6},"end":{"line":485,"column":56}},"218":{"start":{"line":486,"column":6},"end":{"line":488,"column":7}},"219":{"start":{"line":487,"column":7},"end":{"line":487,"column":30}},"220":{"start":{"line":489,"column":6},"end":{"line":489,"column":51}},"221":{"start":{"line":490,"column":6},"end":{"line":492,"column":7}},"222":{"start":{"line":491,"column":7},"end":{"line":491,"column":30}},"223":{"start":{"line":494,"column":6},"end":{"line":496,"column":7}},"224":{"start":{"line":495,"column":7},"end":{"line":495,"column":29}},"225":{"start":{"line":498,"column":5},"end":{"line":498,"column":22}},"226":{"start":{"line":499,"column":5},"end":{"line":499,"column":11}},"227":{"start":{"line":502,"column":5},"end":{"line":504,"column":6}},"228":{"start":{"line":503,"column":6},"end":{"line":503,"column":26}},"229":{"start":{"line":505,"column":5},"end":{"line":505,"column":22}},"230":{"start":{"line":506,"column":5},"end":{"line":506,"column":11}},"231":{"start":{"line":509,"column":5},"end":{"line":510,"column":72}},"232":{"start":{"line":511,"column":5},"end":{"line":511,"column":34}},"233":{"start":{"line":512,"column":5},"end":{"line":522,"column":6}},"234":{"start":{"line":513,"column":6},"end":{"line":514,"column":56}},"235":{"start":{"line":515,"column":6},"end":{"line":519,"column":7}},"236":{"start":{"line":516,"column":7},"end":{"line":516,"column":46}},"237":{"start":{"line":517,"column":13},"end":{"line":519,"column":7}},"238":{"start":{"line":518,"column":7},"end":{"line":518,"column":28}},"239":{"start":{"line":520,"column":12},"end":{"line":522,"column":6}},"240":{"start":{"line":521,"column":6},"end":{"line":521,"column":27}},"241":{"start":{"line":523,"column":5},"end":{"line":523,"column":22}},"242":{"start":{"line":524,"column":5},"end":{"line":524,"column":11}},"243":{"start":{"line":527,"column":5},"end":{"line":529,"column":6}},"244":{"start":{"line":528,"column":6},"end":{"line":528,"column":27}},"245":{"start":{"line":530,"column":5},"end":{"line":530,"column":22}},"246":{"start":{"line":531,"column":5},"end":{"line":531,"column":11}},"247":{"start":{"line":533,"column":5},"end":{"line":535,"column":6}},"248":{"start":{"line":534,"column":6},"end":{"line":534,"column":26}},"249":{"start":{"line":536,"column":5},"end":{"line":536,"column":22}},"250":{"start":{"line":537,"column":5},"end":{"line":537,"column":11}},"251":{"start":{"line":539,"column":5},"end":{"line":541,"column":6}},"252":{"start":{"line":540,"column":6},"end":{"line":540,"column":26}},"253":{"start":{"line":542,"column":5},"end":{"line":542,"column":22}},"254":{"start":{"line":543,"column":5},"
[...]
,"column":59}},"12":{"start":{"line":47,"column":2},"end":{"line":47,"column":63}},"13":{"start":{"line":51,"column":17},"end":{"line":51,"column":58}},"14":{"start":{"line":52,"column":2},"end":{"line":56,"column":57}},"15":{"start":{"line":60,"column":2},"end":{"line":63,"column":5}},"16":{"start":{"line":67,"column":2},"end":{"line":69,"column":60}},"17":{"start":{"line":69,"column":53},"end":{"line":69,"column":58}},"18":{"start":{"line":73,"column":16},"end":{"line":73,"column":99}},"19":{"start":{"line":73,"column":57},"end":{"line":73,"column":98}},"20":{"start":{"line":74,"column":2},"end":{"line":74,"column":99}},"21":{"start":{"line":74,"column":65},"end":{"line":74,"column":89}},"22":{"start":{"line":78,"column":2},"end":{"line":78,"column":48}},"23":{"start":{"line":82,"column":21},"end":{"line":82,"column":46}},"24":{"start":{"line":83,"column":16},"end":{"line":83,"column":78}},"25":{"start":{"line":83,"column":44},"end":{"line":83,"column":77}},"26":{"start":{"line":84,"column":2},"end":{"line":88,"column":3}},"27":{"start":{"line":85,"column":3},"end":{"line":85,"column":48}},"28":{"start":{"line":86,"column":3},"end":{"line":87,"column":60}},"29":{"start":{"line":87,"column":53},"end":{"line":87,"column":58}},"30":{"start":{"line":89,"column":2},"end":{"line":89,"column":15}},"31":{"start":{"line":93,"column":34},"end":{"line":93,"column":77}}},"fnMap":{"0":{"name":"(anonymous_0)","decl":{"start":{"line":21,"column":25},"end":{"line":21,"column":26}},"loc":{"start":{"line":21,"column":36},"end":{"line":26,"column":2}},"line":21},"1":{"name":"(anonymous_1)","decl":{"start":{"line":27,"column":27},"end":{"line":27,"column":28}},"loc":{"start":{"line":27,"column":46},"end":{"line":29,"column":2}},"line":27},"2":{"name":"(anonymous_2)","decl":{"start":{"line":31,"column":15},"end":{"line":31,"column":16}},"loc":{"start":{"line":31,"column":36},"end":{"line":43,"column":2}},"line":31},"3":{"name":"(anonymous_3)","decl":{"start":{"line":38,"column":30},"end":{"line":38,"column":31}},"loc":{"start":{"line":38,"column":37},"end":{"line":40,"column":3}},"line":38},"4":{"name":"(anonymous_4)","decl":{"start":{"line":45,"column":19},"end":{"line":45,"column":20}},"loc":{"start":{"line":45,"column":37},"end":{"line":48,"column":2}},"line":45},"5":{"name":"(anonymous_5)","decl":{"start":{"line":50,"column":25},"end":{"line":50,"column":26}},"loc":{"start":{"line":50,"column":69},"end":{"line":57,"column":2}},"line":50},"6":{"name":"(anonymous_6)","decl":{"start":{"line":59,"column":25},"end":{"line":59,"column":26}},"loc":{"start":{"line":59,"column":44},"end":{"line":64,"column":2}},"line":59},"7":{"name":"(anonymous_7)","decl":{"start":{"line":66,"column":24},"end":{"line":66,"column":25}},"loc":{"start":{"line":66,"column":46},"end":{"line":70,"column":2}},"line":66},"8":{"name":"(anonymous_8)","decl":{"start":{"line":69,"column":48},"end":{"line":69,"column":49}},"loc":{"start":{"line":69,"column":53},"end":{"line":69,"column":58}},"line":69},"9":{"name":"(anonymous_9)","decl":{"start":{"line":72,"column":27},"end":{"line":72,"column":28}},"loc":{"start":{"line":72,"column":49},"end":{"line":75,"column":2}},"line":72},"10":{"name":"(anonymous_10)","decl":{"start":{"line":73,"column":52},"end":{"line":73,"column":53}},"loc":{"start":{"line":73,"column":57},"end":{"line":73,"column":98}},"line":73},"11":{"name":"(anonymous_11)","decl":{"start":{"line":74,"column":60},"end":{"line":74,"column":61}},"loc":{"start":{"line":74,"column":65},"end":{"line":74,"column":89}},"line":74},"12":{"name":"(anonymous_12)","decl":{"start":{"line":77,"column":24},"end":{"line":77,"column":25}},"loc":{"start":{"line":77,"column":35},"end":{"line":79,"column":2}},"line":77},"13":{"name":"(anonymous_13)","decl":{"start":{"line":81,"column":27},"end":{"line":81,"column":28}},"loc":{"start":{"line":81,"column":52},"end":{"line":90,"column":2}},"line":81},"14":{"name":"(anonymous_14)","decl":{"start":{"line":83,"column":39},"end":{"line":83,"column":40}},"loc":{"start":{"line":83,"column":44},"end":{"line":83,"column":77}},"line":83},"15":{"name":"(anonymous_15)","decl":{"start":{"line":87,"column":48},"end":{"line":87,"column":49}},"loc":{"start":{"line":87,"column":53},"end":{"line":87,"column":58}},"line":87},"16":{"name":"(anonymous_16)","decl":{"start":{"line":93,"column":15},"end":{"line":93,"column":16}},"loc":{"start":{"line":93,"column":34},"end":{"line":93,"column":77}},"line":93}},"branchMap":{"0":{"loc":{"start":{"line":33,"column":2},"end":{"line":36,"column":3}},"type":"if","locations":[{"start":{"line":33,"column":2},"end":{"line":36,"column":3}},{"start":{"line":33,"column":2},"end":{"line":36,"column":3}}],"line":33},"1":{"loc":{"start":{"line":55,"column":17},"end":{"line":55,"column":104}},"type":"cond-expr","locations":[{"start":{"line":55,"column":27},"end":{"line":55,"column":81}},{"start":{"line":55,"column":84},"end":{"line":55,"column":104}}],"line":55},"2":{"loc":{"start":{"line":74,"column":9},"end":{"line":74,"column":98}},"type":"cond-expr","locations":[{"start":{"line":74,"column":17},"end":{"line":74,"column":90}},{"start":{"line":74,"column":93},"end":{"line":74,"column":98}}],"line":74},"3":{"loc":{"start":{"line":84,"column":2},"end":{"line":88,"column":3}},"type":"if","locations":[{"start":{"line":84,"column":2},"end":{"line":88,"column":3}},{"start":{"line":84,"column":2},"end":{"line":88,"column":3}}],"line":84}},"s":{"0":1,"1":1,"2":0,"3":0,"4":0,"5":0,"6":0,"7":0,"8":0,"9":0,"10":0,"11":0,"12":0,"13":1,"14":1,"15":0,"16":0,"17":0,"18":0,"19":0,"20":0,"21":0,"22":0,"23":1,"24":1,"25":1,"26":1,"27":1,"28":1,"29":1,"30":0,"31":0},"f":{"0":0,"1":0,"2":0,"3":0,"4":0,"5":1,"6":0,"7":0,"8":0,"9":0,"10":0,"11":0,"12":0,"13":1,"14":1,"15":1,"16":0},"b":{"0":[0,0],"1":[0,1],"2":[0,0],"3":[1,0]},"_coverageSchema":"332fd63041d2c1bcb487cc26dd0d5f7d97098a6c","hash":"28d6406854f058bbc50a6a7cca5f27db751200ae"}
,"/work/modulbank.kassa/Modulbank.Kassa/source/js/modules/products/sagas/productDetailsSaga.js": {"path":"/work/modulbank.kassa/Modulbank.Kassa/source/js/modules/products/sagas/productDetailsSaga.js","statementMap":{"0":{"start":{"line":17,"column":20},"end":{"line":17,"column":47}},"1":{"start":{"line":18,"column":1},"end":{"line":18,"column":39}},"2":{"start":{"line":19,"column":23},"end":{"line":19,"column":47}},"3":{"start":{"line":20,"column":1},"end":{"line":20,"column":87}},"4":{"start":{"line":24,"column":17},"end":{"line":35,"column":2}},"5":{"start":{"line":36,"column":1},"end":{"line":36,"column":49}},"6":{"start":{"line":40,"column":1},"end":{"line":50,"column":2}},"7":{"start":{"line":41,"column":18},"end":{"line":41,"column":71}},"8":{"start":{"line":42,"column":25},"end":{"line":42,"column":94}},"9":{"start":{"line":43,"column":2},"end":{"line":43,"column":80}},"10":{"start":{"line":44,"column":2},"end":{"line":44,"column":65}},"11":{"start":{"line":47,"column":2},"end":{"line":47,"column":87}},"12":{"start":{"line":48,"column":2},"end":{"line":49,"column":15}},"13":{"start":{"line":49,"column":3},"end":{"line":49,"column":15}},"14":{"start":{"line":54,"column":1},"end":{"line":72,"column":2}},"15":{"start":{"line":55,"column":2},"end":{"line":55,"column":35}},"16":{"start":{"line":56,"column":22},"end":{"line":56,"column":86}},"17":{"start":{"line":57,"column":25},"end":{"line":57,"column":64}},"18":{"start":{"line":58,"column":2},"end":{"line":58,"column":82}},"19":{"start":{"line":59,"column":2},"end":{"line":64,"column":3}},"20":{"start":{"line":60,"column":3},"end":{"line":60,"column":73}},"21":{"start":{"line":63,"column":3},"end":{"line":63,"column":76}},"22":{"start":{"line":65,"column":2},"end":{"line":65,"column":56}},"23":{"start":{"line":68,"column":2},"end":{"line":68,"column":56}},"24":{"start":{"line":69,"column":2},"end":{"line":69,"column":96}},"25":{"start":{"line":70,"column":2},"end":{"line":71,"column":15}},"26":{"start":{"line":71,"column":3},"end":{"line":71,"column":15}},"27":{"start":{"line":76,"column":1},"end":{"line":84,"column":2}},"28":{"start":{"line":77,"column":2},"end":{"line":77,"column":59}},"29":{"start":{"line":78,"column":2},"end":{"line":78,"column":64}},"30":{"start":{"line":81,"column":2},"end":{"line":81,"column":71}},"31":{"start":{"line":82,"column":2},"end":{"line":83,"column":15}},"32":{"start":{"line":83,"column":3},"end":{"line":83,"column":15}},"33":{"start":{"line":87,"column":22},"end":{"line":87,"column":71}},"34":{"start":{"line":90,"column":1},"end":{"line":97,"column":3}}},"fnMap":{"0":{"name":"createProduct","decl":{"start":{"line":16,"column":10},"end":{"line":16,"column":23}},"loc":{"start":{"line":16,"column":26},"end":{"line":21,"column":1}},"line":16},"1":{"name":"setProductToLayer","decl":{"start":{"line":23,"column":10},"end":{"line":23,"column":27}},"loc":{"start":{"line":23,"column":42},"end":{"line":37,"column":1}},"line":23},"2":{"name":"getProductDetails","decl":{"start":{"line":39,"column":10},"end":{"line":39,"column":27}},"loc":{"start":{"line":39,"column":49},"end":{"line":51,"column":1}},"line":39},"3":{"name":"saveProductDetailsProcess","decl":{"start":{"line":53,"column":17},"end":{"line":53,"column":42}},"loc":{"start":{"line":53,"column":61},"end":{"line":73,"column":1}},"line":53},"4":{"name":"removeProduct","decl":{"start":{"line":75,"column":10},"end":{"line":75,"column":23}},"loc":{"start":{"line":75,"column":45},"end":{"line":85,"column":1}},"line":75},"5":{"name":"(anonymous_5)","decl":{"start":{"line":89,"column":15},"end":{"line":89,"column":16}},"loc":{"start":{"line":89,"column":27},"end":{"line":98,"column":1}},"line":89}},"branchMap":{"0":{"loc":{"start":{"line":48,"column":2},"end":{"line":49,"column":15}},"type":"if","locations":[{"start":{"line":48,"column":2},"end":{"line":49,"column":15}},{"start":{"line":48,"column":2},"end":{"line":49,"column":15}}],"line":48},"1":{"loc":{"start":{"line":56,"column":22},"end":{"line":56,"column":86}},"type":"cond-expr","locations":[{"start":{"line":56,"column":38},"end":{"line":56,"column":60}},{"start":{"line":56,"column":63},"end":{"line":56,"column":86}}],"line":56},"2":{"loc":{"start":{"line":59,"column":2},"end":{"line":64,"column":3}},"type":"if","locations":[{"start":{"line":59,"column":2},"end":{"line":64,"column":3}},{"start":{"line":59,"column":2},"end":{"line":64,"column":3}}],"line":59},"3":{"loc":{"start":{"line":70,"column":2},"end":{"line":71,"column":15}},"type":"if","locations":[{"start":{"line":70,"column":2},"end":{"line":71,"column":15}},{"start":{"line":70,"column":2},"end":{"line":71,"column":15}}],"line":70},"4":{"loc":{"start":{"line":82,"column":2},"end":{"line":83,"column":15}},"type":"if","locations":[{"start":{"line":82,"column":2},"end":{"line":83,"column":15}},{"start":{"line":82,"column":2},"end":{"line":83,"column":15}}],"line":82}},"s":{"0":0,"1":0,"2":0,"3":0,"4":0,"5":0,"6":0,"7":0,"8":0,"9":0,"10":0,"11":0,"12":0,"13":0,"14":1,"15":1,"16":1,"17":1,"18":1,"19":1,"20":1,"21":0,"22":1,"23":0,"24":0,"25":0,"26":0,"27":0,"28":0,"29":0,"30":0,"31":0,"32":0,"33":1,"34":0},"f":{"0":0,"1":0,"2":0,"3":1,"4":0,"5":0},"b":{"0":[0,0],"1":[1,0],"2":[1,0],"3":[0,0],"4":[0,0]},"_coverageSchema":"332fd63041d2c1bcb487cc26dd0d5f7d97098a6c","hash":"eb84a96ac4023697671703be432756b59a943ea1"}
,"/work/modulbank.kassa/Modulbank.Kassa/source/js/modules/products/selectors/modifierSelectors.js": {"path":"/work/modulbank.kassa/Modulbank.Kassa/source/js/modules/products/selectors/modifierSelectors.js","statementMap":{"0":{"start":{"line":4,"column":26},"end":{"line":6,"column":1}},"1":{"start":{"line":5,"column":1},"end":{"line":5,"column":38}},"2":{"start":{"line":8,"column":31},"end":{"line":14,"column":2}},"3":{"start":{"line":8,"column":44},"end":{"line":14,"column":2}},"4":{"start":{"line":9,"column":1},"end":{"line":13,"column":5}},"5":{"start":{"line":16,"column":25},"end":{"line":18,"column":2}},"6":{"start":{"line":16,"column":41},"end":{"line":18,"column":2}},"7":{"start":{"line":17,"column":1},"end":{"line":17,"column":102}},"8":{"start":{"line":17,"column":39},"end":{"line":17,"column":91}},"9":{"start":{"line":20,"column":30},"end":{"line":22,"column":2}},"10":{"start":{"line":20,"column":45},"end":{"line":22,"column":2}},"11":{"start":{"line":21,"column":1},"end":{"line":21,"column":42}},"12":{"start":{"line":24,"column":33},"end":{"line":28,"column":2}},"13":{"start":{"line":24,"column":62},"end":{"line":28,"column":2}},"14":{"start":{"line":25,"column":19},"end":{"line":25,"column":65}},"15":{"start":{"line":26,"column":18},"end":{"line":26,"column":89}},"16":{"start":{"line":26,"column":52},"end":{"line":26,"column":81}},"17":{"start":{"line":27,"column":1},"end":{"line":27,"column":42}}},"fnMap":{"0":{"name":"(anonymous_0)","decl":{"start":{"line":4,"column":26},"end":{"line":4,"column":27}},"loc":{"start":{"line":4,"column":37},"end":{"line":6,"column":1}},"line":4},"1":{"name":"(anonymous_1)","decl":{"start":{"line":8,"column":31},"end":{"line":8,"column":32}},"loc":{"start":{"line":8,"column":44},"end":{"line":14,"column":2}},"line":8},"2":{"name":"(anonymous_2)","decl":{"start":{"line":8,"column":73},"end":{"line":8,"column":74}},"loc":{"start":{"line":8,"column":81},"end":{"line":14,"column":1}},"line":8},"3":{"name":"(anonymous_3)","decl":{"start":{"line":16,"column":25},"end":{"line":16,"column":26}},"loc":{"start":{"line":16,"column":41},"end":{"line":18,"column":2}},"line":16},"4":{"name":"(anonymous_4)","decl":{"start":{"line":16,"column":70},"end":{"line":16,"column":71}},"loc":{"start":{"line":16,"column":78},"end":{"line":18,"column":1}},"line":16},"5":{"name":"(anonymous_5)","decl":{"start":{"line":17,"column":34},"end":{"line":17,"column":35}},"loc":{"start":{"line":17,"column":39},"end":{"line":17,"column":91}},"line":17},"6":{"name":"(anonymous_6)","decl":{"start":{"line":20,"column":30},"end":{"line":20,"column":31}},"loc":{"start":{"line":20,"column":45},"end":{"line":22,"column":2}},"line":20},"7":{"name":"(anonymous_7)","decl":{"start":{"line":20,"column":74},"end":{"line":20,"column":75}},"loc":{"start":{"line":20,"column":82},"end":{"line":22,"column":1}},"line":20},"8":{"name":"(anonymous_8)","decl":{"start":{"line":24,"column":33},"end":{"line":24,"column":34}},"loc":{"start":{"line":24,"column":62},"end":{"line":28,"column":2}},"line":24},"9":{"name":"(anonymous_9)","decl":{"start":{"line":24,"column":91},"end":{"line":24,"column":92}},"loc":{"start":{"line":24,"column":99},"end":{"line":28,"column":1}},"line":24},"10":{"name":"(anonymous_10)","decl":{"start":{"line":26,"column":47},"end":{"line":26,"column":48}},"loc":{"start":{"line":26,"column":52},"end":{"line":26,"column":81}},"line":26}},"branchMap":{"0":{"loc":{"start":{"line":17,"column":39},"end":{"line":17,"column":91}},"type":"binary-expr","locations":[{"start":{"line":17,"column":39},"end":{"line":17,"column":72}},{"start":{"line":17,"column":76},"end":{"line":17,"column":91}}],"line":17},"1":{"loc":{"start":{"line":26,"column":18},"end":{"line":26,"column":89}},"type":"cond-expr","locations":[{"start":{"line":26,"column":30},"end":{"line":26,"column":82}},{"start":{"line":26,"column":85},"end":{"line":26,"column":89}}],"line":26},"2":{"loc":{"start":{"line":27,"column":8},"end":{"line":27,"column":41}},"type":"cond-expr","locations":[{"start":{"line":27,"column":19},"end":{"line":27,"column":34}},{"start":{"line":27,"column":37},"end":{"line":27,"column":41}}],"line":27}},"s":{"0":1,"1":0,"2":1,"3":0,"4":0,"5":1,"6":0,"7":0,"8":0,"9":1,"10":0,"11":0,"12":1,"13":0,"14":0,"15":0,"16":0,"17":0},"f":{"0":0,"1":0,"2":0,"3":0,"4":0,"5":0,"6":0,"7":0,"8":0,"9":0,"10":0},"b":{"0":[0,0],"1":[0,0],"2":[0,0]},"_coverageSchema":"332fd63041d2c1bcb487cc26dd0d5f7d97098a6c","hash":"490e62f302653ae2f048ecf7c757fc6d7b311a2f"}
,"/work/modulbank.kassa/Modulbank.Kassa/source/js/modules/products/selectors/productsSelectors.js": {"path":"/work/modulbank.kassa/Modulbank.Kassa/source/js/modules/products/selectors/productsSelectors.js","statementMap":{"0":{"start":{"line":4,"column":31},"end":{"line":6,"column":1}},"1":{"start":{"line":5,"column":1},"end":{"line":5,"column":30}},"2":{"start":{"line":8,"column":39},"end":{"line":10,"column":1}},"3":{"start":{"line":9,"column":1},"end":{"line":9,"column":36}},"4":{"start":{"line":12,"column":29},"end":{"line":14,"column":1}},"5":{"start":{"line":13,"column":1},"end":{"line":13,"column":29}},"6":{"start":{"line":16,"column":31},"end":{"line":18,"column":2}},"7":{"start":{"line":17,"column":1},"end":{"line":17,"column":33}},"8":{"start":{"line":21,"column":30},"end":{"line":23,"column":2}},"9":{"start":{"line":21,"column":46},"end":{"line":23,"column":2}},"10":{"start":{"line":22,"column":1},"end":{"line":22,"column":54}},"11":{"start":{"line":25,"column":33},"end":{"line":27,"column":2}},"12":{"start":{"line":26,"column":1},"end":{"line":26,"column":28}},"13":{"start":{"line":29,"column":35},"end":{"line":31,"column":2}},"14":{"start":{"line":30,"column":1},"end":{"line":30,"column":26}},"15":{"start":{"line":33,"column":33},"end":{"line":39,"column":2}},"16":{"start":{"line":33,"column":46},"end":{"line":39,"column":2}},"17":{"start":{"line":34,"column":1},"end":{"line":38,"column":5}},"18":{"start":{"line":41,"column":25},"end":{"line":43,"column":2}},"19":{"start":{"line":42,"column":1},"end":{"line":42,"column":38}},"20":{"start":{"line":45,"column":29},"end":{"line":47,"column":2}},"21":{"start":{"line":46,"column":1},"end":{"line":46,"column":33}}},"fnMap":{"0":{"name":"(anonymous_0)","decl":{"start":{"line":4,"column":31},"end":{"line":4,"column":32}},"loc":{"start":{"line":4,"column":42},"end":{"line":6,"column":1}},"line":4},"1":{"name":"(anonymous_1)","decl":{"start":{"line":8,"column":39},"end":{"line":8,"column":40}},"loc":{"start":{"line":8,"column":50},"end":{"line":10,"column":1}},"line":8},"2":{"name":"(anonymous_2)","decl":{"start":{"line":12,"column":29},"end":{"line":12,"column":30}},"loc":{"start":{"line":12,"column":40},"end":{"line":14,"column":1}},"line":12},"3":{"name":"(anonymous_3)","decl":{"start":{"line":16,"column":65},"end":{"line":16,"column":66}},"loc":{"start":{"line":16,"column":73},"end":{"line":18,"column":1}},"line":16},"4":{"name":"(anonymous_4)","decl":{"start":{"line":21,"column":30},"end":{"line":21,"column":31}},"loc":{"start":{"line":21,"column":46},"end":{"line":23,"column":2}},"line":21},"5":{"name":"(anonymous_5)","decl":{"start":{"line":21,"column":88},"end":{"line":21,"column":89}},"loc":{"start":{"line":21,"column":96},"end":{"line":23,"column":1}},"line":21},"6":{"name":"(anonymous_6)","decl":{"start":{"line":25,"column":67},"end":{"line":25,"column":68}},"loc":{"start":{"line":25,"column":75},"end":{"line":27,"column":1}},"line":25},"7":{"name":"(anonymous_7)","decl":{"start":{"line":29,"column":69},"end":{"line":29,"column":70}},"loc":{"start":{"line":29,"column":77},"end":{"line":31,"column":1}},"line":29},"8":{"name":"(anonymous_8)","decl":{"start":{"line":33,"column":33},"end":{"line":33,"column":34}},"loc":{"start":{"line":33,"column":46},"end":{"line":39,"column":2}},"line":33},"9":{"name":"(anonymous_9)","decl":{"start":{"line":33,"column":88},"end":{"line":33,"column":89}},"loc":{"start":{"line":33,"column":96},"end":{"line":39,"column":1}},"line":33},"10":{"name":"(anonymous_10)","decl":{"start":{"line":41,"column":59},"end":{"line":41,"column":60}},"loc":{"start":{"line":41,"column":72},"end":{"line":43,"column":1}},"line":41},"11":{"name":"(anonymous_11)","decl":{"start":{"line":45,"column":57},"end":{"line":45,"column":58}},"loc":{"start":{"line":45,"column":69},"end":{"line":47,"column":1}},"line":45}},"branchMap":{},"s":{"0":1,"1":0,"2":1,"3":0,"4":1,"5":0,"6":1,"7":0,"8":1,"9":0,"10":0,"11":1,"12":0,"13":1,"14":0,"15":1,"16":0,"17":0,"18":1,"19":0,"20":1,"21":0},"f":{"0":0,"1":0,"2":0,"3":0,"4":0,"5":0,"6":0,"7":0,"8":0,"9":0,"10":0,"11":0},"b":{},"_coverageSchema":"332fd63041d2c1bcb487cc26dd0d5f7d97098a6c","hash":"52a01f0d7b5c09420532495499260d551c137207"}
}
